Log file open, 03/15/21 13:42:21
LogWindows: Failed to load 'aqProf.dll' (GetLastError=126)
LogWindows: File 'aqProf.dll' does not exist
LogWindows: Failed to load 'VtuneApi.dll' (GetLastError=126)
LogWindows: File 'VtuneApi.dll' does not exist
LogWindows: Failed to load 'VtuneApi32e.dll' (GetLastError=126)
LogWindows: File 'VtuneApi32e.dll' does not exist
LogConsoleResponse: Display: Failed to find resolution value strings in scalability ini. Falling back to default.
LogInit: Display: Running engine for game: Thinkercise
LogPakFile: Registered encryption key '00000000000000000000000000000000': 0 pak files mounted, 0 remain pending
LogPlatformFile: Not using cached read wrapper
LogTaskGraph: Started task graph with 5 named threads and 35 total threads with 3 sets of task threads.
LogStats: Stats thread started at 0.398452
LogD3D11RHI: Loaded GFSDK_Aftermath_Lib.x64.dll
LogICUInternationalization: ICU TimeZone Detection - Raw Offset: +7:00, Platform Override: ''
LogPluginManager: Mounting plugin Paper2D
LogPluginManager: Mounting plugin AISupport
LogPluginManager: Mounting plugin LightPropagationVolume
LogPluginManager: Mounting plugin ActorLayerUtilities
LogPluginManager: Mounting plugin AnimationSharing
LogPluginManager: Mounting plugin CLionSourceCodeAccess
LogPluginManager: Mounting plugin CodeLiteSourceCodeAccess
LogPluginManager: Mounting plugin GitSourceControl
LogPluginManager: Mounting plugin KDevelopSourceCodeAccess
LogPluginManager: Mounting plugin NullSourceCodeAccess
LogPluginManager: Mounting plugin PerforceSourceControl
LogPluginManager: Mounting plugin SubversionSourceControl
LogPluginManager: Mounting plugin UObjectPlugin
LogPluginManager: Mounting plugin VisualStudioCodeSourceCodeAccess
LogPluginManager: Mounting plugin VisualStudioSourceCodeAccess
LogPluginManager: Mounting plugin XCodeSourceCodeAccess
LogPluginManager: Mounting plugin AssetManagerEditor
LogPluginManager: Mounting plugin CryptoKeys
LogPluginManager: Mounting plugin DataValidation
LogPluginManager: Mounting plugin EditorScriptingUtilities
LogPluginManager: Mounting plugin FacialAnimation
LogPluginManager: Mounting plugin GameplayTagsEditor
LogPluginManager: Mounting plugin GLTFImporter
LogPluginManager: Mounting plugin MacGraphicsSwitching
LogPluginManager: Mounting plugin MaterialAnalyzer
LogPluginManager: Mounting plugin MeshEditor
LogPluginManager: Mounting plugin MobileLauncherProfileWizard
LogPluginManager: Mounting plugin PluginBrowser
LogPluginManager: Mounting plugin SpeedTreeImporter
LogPluginManager: Mounting plugin DatasmithContent
LogPluginManager: Mounting plugin VariantManagerContent
LogPluginManager: Mounting plugin AlembicImporter
LogPluginManager: Mounting plugin AppleImageUtils
LogPluginManager: Mounting plugin AppleVision
LogPluginManager: Mounting plugin BackChannel
LogPluginManager: Mounting plugin BlastPlugin
LogPluginManager: Mounting plugin ChaosSolverPlugin
LogPluginManager: Mounting plugin CharacterAI
LogPluginManager: Mounting plugin GeometryCache
LogPluginManager: Mounting plugin GeometryCollectionPlugin
LogPluginManager: Mounting plugin HTML5Networking
LogPluginManager: Mounting plugin ProxyLODPlugin
LogPluginManager: Mounting plugin SkeletalReduction
LogPluginManager: Mounting plugin MagicLeap
LogPluginManager: Mounting plugin MagicLeapMedia
LogPluginManager: Mounting plugin AndroidMedia
LogPluginManager: Mounting plugin AvfMedia
LogPluginManager: Mounting plugin ImgMedia
LogPluginManager: Mounting plugin LinearTimecode
LogPluginManager: Mounting plugin MediaCompositing
LogPluginManager: Mounting plugin MediaPlayerEditor
LogPluginManager: Mounting plugin WebMMedia
LogPluginManager: Mounting plugin WmfMedia
LogPluginManager: Mounting plugin TcpMessaging
LogPluginManager: Mounting plugin UdpMessaging
LogPluginManager: Mounting plugin ActorSequence
LogPluginManager: Mounting plugin LevelSequenceEditor
LogPluginManager: Mounting plugin MatineeToLevelSequence
LogPluginManager: Mounting plugin NetcodeUnitTest
LogPluginManager: Mounting plugin NUTUnrealEngine4
LogPluginManager: Mounting plugin OnlineSubsystemGooglePlay
LogPluginManager: Mounting plugin OnlineSubsystemIOS
LogPluginManager: Mounting plugin OnlineSubsystem
LogPluginManager: Mounting plugin OnlineSubsystemNull
LogPluginManager: Mounting plugin OnlineSubsystemUtils
LogPluginManager: Mounting plugin LauncherChunkInstaller
LogPluginManager: Mounting plugin AndroidDeviceProfileSelector
LogPluginManager: Mounting plugin AndroidMoviePlayer
LogPluginManager: Mounting plugin AndroidPermission
LogPluginManager: Mounting plugin ApexDestruction
LogPluginManager: Mounting plugin AppleMoviePlayer
LogPluginManager: Mounting plugin ArchVisCharacter
LogPluginManager: Mounting plugin AudioCapture
LogPluginManager: Mounting plugin CableComponent
LogPluginManager: Mounting plugin CustomMeshComponent
LogPluginManager: Mounting plugin EditableMesh
LogPluginManager: Mounting plugin ExampleDeviceProfileSelector
LogPluginManager: Mounting plugin Firebase
LogPluginManager: Mounting plugin GoogleCloudMessaging
LogPluginManager: Mounting plugin IOSDeviceProfileSelector
LogPluginManager: Mounting plugin LinuxDeviceProfileSelector
LogPluginManager: Mounting plugin LocationServicesBPLibrary
LogPluginManager: Mounting plugin MobilePatchingUtils
LogPluginManager: Mounting plugin OculusVR
LogPluginManager: Mounting plugin PhysXVehicles
LogPluginManager: Mounting plugin ProceduralMeshComponent
LogPluginManager: Mounting plugin RuntimePhysXCooking
LogPluginManager: Mounting plugin SignificanceManager
LogPluginManager: Mounting plugin SteamVR
LogPluginManager: Mounting plugin WebMMoviePlayer
LogPluginManager: Mounting plugin WindowsMoviePlayer
LogPluginManager: Mounting plugin DatasmithCADImporter
LogPluginManager: Mounting plugin DatasmithDataPrepEditor
LogPluginManager: Mounting plugin DatasmithFBXImporter
LogPluginManager: Mounting plugin DatasmithGLTFImporter
LogPluginManager: Mounting plugin DatasmithImporter
LogPluginManager: Mounting plugin MDLImporter
LogPluginManager: Mounting plugin StaticMeshEditorExtension
LogPluginManager: Mounting plugin VariantManager
LogInit: Using libcurl 7.55.1-DEV
LogInit:  - built for x86_64-pc-win32
LogInit:  - supports SSL with OpenSSL/1.1.1
LogInit:  - supports HTTP deflate (compression) using libz 1.2.8
LogInit:  - other features:
LogInit:      CURL_VERSION_SSL
LogInit:      CURL_VERSION_LIBZ
LogInit:      CURL_VERSION_IPV6
LogInit:      CURL_VERSION_ASYNCHDNS
LogInit:      CURL_VERSION_LARGEFILE
LogInit:      CURL_VERSION_IDN
LogInit:  CurlRequestOptions (configurable via config and command line):
LogInit:  - bVerifyPeer = true  - Libcurl will verify peer certificate
LogInit:  - bUseHttpProxy = false  - Libcurl will NOT use HTTP proxy
LogInit:  - bDontReuseConnections = false  - Libcurl will reuse connections
LogInit:  - MaxHostConnections = 16  - Libcurl will limit the number of connections to a host
LogInit:  - LocalHostAddr = Default
LogInit:  - BufferSize = 65536
LogInit: WinSock: version 1.1 (2.2), MaxSocks=32767, MaxUdp=65467
LogHMD: Failed initializing OVRPlugin 1.32.0
LogInit: Build: ++UE4+Release-4.22-CL-7053642
LogInit: Engine Version: 4.22.3-7053642+++UE4+Release-4.22
LogInit: Compatible Engine Version: 4.22.0-5660361+++UE4+Release-4.22
LogInit: Net CL: 5660361
LogInit: OS: Windows 10 (Release 1909) (), CPU: Intel(R) Core(TM) i7-8700 CPU @ 3.20GHz, GPU: NVIDIA GeForce RTX 2070
LogInit: Compiled (64-bit): Jun 18 2019 03:09:11
LogInit: Compiled with Visual C++: 19.16.27025.01
LogInit: Build Configuration: Development
LogInit: Branch Name: ++UE4+Release-4.22
LogInit: Command Line: 
LogInit: Base Directory: C:/Program Files/Epic Games/UE_4.22/Engine/Binaries/Win64/
LogInit: Installed Engine Build: 1
LogDevObjectVersion: Number of dev versions registered: 23
LogDevObjectVersion:   Dev-Blueprints (B0D832E4-1F89-4F0D-ACCF-7EB736FD4AA2): 10
LogDevObjectVersion:   Dev-Build (E1C64328-A22C-4D53-A36C-8E866417BD8C): 0
LogDevObjectVersion:   Dev-Core (375EC13C-06E4-48FB-B500-84F0262A717E): 3
LogDevObjectVersion:   Dev-Editor (E4B068ED-F494-42E9-A231-DA0B2E46BB41): 30
LogDevObjectVersion:   Dev-Framework (CFFC743F-43B0-4480-9391-14DF171D2073): 35
LogDevObjectVersion:   Dev-Mobile (B02B49B5-BB20-44E9-A304-32B752E40360): 2
LogDevObjectVersion:   Dev-Networking (A4E4105C-59A1-49B5-A7C5-40C4547EDFEE): 0
LogDevObjectVersion:   Dev-Online (39C831C9-5AE6-47DC-9A44-9C173E1C8E7C): 0
LogDevObjectVersion:   Dev-Physics (78F01B33-EBEA-4F98-B9B4-84EACCB95AA2): 0
LogDevObjectVersion:   Dev-Platform (6631380F-2D4D-43E0-8009-CF276956A95A): 0
LogDevObjectVersion:   Dev-Rendering (12F88B9F-8875-4AFC-A67C-D90C383ABD29): 28
LogDevObjectVersion:   Dev-Sequencer (7B5AE74C-D270-4C10-A958-57980B212A5A): 11
LogDevObjectVersion:   Dev-VR (D7296918-1DD6-4BDD-9DE2-64A83CC13884): 2
LogDevObjectVersion:   Dev-LoadTimes (C2A15278-BFE7-4AFE-6C17-90FF531DF755): 1
LogDevObjectVersion:   Private-Geometry (6EACA3D4-40EC-4CC1-B786-8BED09428FC5): 3
LogDevObjectVersion:   Dev-AnimPhys (29E575DD-E0A3-4627-9D10-D276232CDCEA): 17
LogDevObjectVersion:   Dev-Anim (AF43A65D-7FD3-4947-9873-3E8ED9C1BB05): 2
LogDevObjectVersion:   Dev-ReflectionCapture (6B266CEC-1EC7-4B8F-A30B-E4D90942FC07): 1
LogDevObjectVersion:   Dev-Automation (0DF73D61-A23F-47EA-B727-89E90C41499A): 1
LogDevObjectVersion:   FortniteMain (601D1886-AC64-4F84-AA16-D3DE0DEAC7D6): 25
LogDevObjectVersion:   Dev-Enterprise (9DFFBCD6-494F-0158-E221-12823C92A888): 6
LogDevObjectVersion:   Dev-Niagara (F2AED0AC-9AFE-416F-8664-AA7FFA26D6FC): 1
LogDevObjectVersion:   Dev-Destruction (174F1F0B-B4C6-45A5-B13F-2EE8D0FB917D): 2
LogInit: Presizing for max 16777216 objects, including 0 objects not considered by GC, pre-allocating 0 bytes for permanent pool.
LogInit: Object subsystem initialized
LogConfig: Setting CVar [[con.DebugEarlyDefault:1]]
LogConfig: Setting CVar [[r.setres:1280x720]]
[2021.03.15-06.42.22:330][  0]LogConfig: Setting CVar [[r.VSync:0]]
[2021.03.15-06.42.22:330][  0]LogConfig: Setting CVar [[r.RHICmdBypass:0]]
[2021.03.15-06.42.22:330][  0]LogConfig: Applying CVar settings from Section [/Script/Engine.RendererSettings] File [D:/Thinkercise/Thinkercise/Saved/Config/Windows/Engine.ini]
[2021.03.15-06.42.22:330][  0]LogConfig: Setting CVar [[r.GPUCrashDebugging:0]]
[2021.03.15-06.42.22:330][  0]LogConfig: Setting CVar [[r.DefaultFeature.AmbientOcclusion:0]]
[2021.03.15-06.42.22:330][  0]LogConfig: Setting CVar [[r.DefaultFeature.AmbientOcclusionStaticFraction:0]]
[2021.03.15-06.42.22:330][  0]LogConfig: Setting CVar [[vr.InstancedStereo:1]]
[2021.03.15-06.42.22:330][  0]LogConfig: Setting CVar [[r.SeparateTranslucency:0]]
[2021.03.15-06.42.22:330][  0]LogConfig: Setting CVar [[r.HZBOcclusion:0]]
[2021.03.15-06.42.22:330][  0]LogConfig: Setting CVar [[r.SSR.MaxRoughness:0]]
[2021.03.15-06.42.22:330][  0]LogConfig: Setting CVar [[r.rhicmdbypass:0]]
[2021.03.15-06.42.22:330][  0]LogConfig: Setting CVar [[r.MobileHDR:0]]
[2021.03.15-06.42.22:330][  0]LogConfig: Setting CVar [[r.AllowGlobalClipPlane:1]]
[2021.03.15-06.42.22:330][  0]LogConfig: Applying CVar settings from Section [/Script/Engine.RendererOverrideSettings] File [D:/Thinkercise/Thinkercise/Saved/Config/Windows/Engine.ini]
[2021.03.15-06.42.22:330][  0]LogConfig: Applying CVar settings from Section [/Script/Engine.StreamingSettings] File [D:/Thinkercise/Thinkercise/Saved/Config/Windows/Engine.ini]
[2021.03.15-06.42.22:330][  0]LogConfig: Setting CVar [[s.MinBulkDataSizeForAsyncLoading:131072]]
[2021.03.15-06.42.22:330][  0]LogConfig: Setting CVar [[s.AsyncLoadingThreadEnabled:0]]
[2021.03.15-06.42.22:330][  0]LogConfig: Setting CVar [[s.EventDrivenLoaderEnabled:1]]
[2021.03.15-06.42.22:330][  0]LogConfig: Setting CVar [[s.WarnIfTimeLimitExceeded:0]]
[2021.03.15-06.42.22:330][  0]LogConfig: Setting CVar [[s.TimeLimitExceededMultiplier:1.5]]
[2021.03.15-06.42.22:330][  0]LogConfig: Setting CVar [[s.TimeLimitExceededMinTime:0.005]]
[2021.03.15-06.42.22:330][  0]LogConfig: Setting CVar [[s.UseBackgroundLevelStreaming:1]]
[2021.03.15-06.42.22:330][  0]LogConfig: Setting CVar [[s.PriorityAsyncLoadingExtraTime:15.0]]
[2021.03.15-06.42.22:330][  0]LogConfig: Setting CVar [[s.LevelStreamingActorsUpdateTimeLimit:5.0]]
[2021.03.15-06.42.22:330][  0]LogConfig: Setting CVar [[s.PriorityLevelStreamingActorsUpdateExtraTime:5.0]]
[2021.03.15-06.42.22:330][  0]LogConfig: Setting CVar [[s.LevelStreamingComponentsRegistrationGranularity:10]]
[2021.03.15-06.42.22:330][  0]LogConfig: Setting CVar [[s.UnregisterComponentsTimeLimit:1.0]]
[2021.03.15-06.42.22:330][  0]LogConfig: Setting CVar [[s.LevelStreamingComponentsUnregistrationGranularity:5]]
[2021.03.15-06.42.22:330][  0]LogConfig: Applying CVar settings from Section [/Script/Engine.GarbageCollectionSettings] File [D:/Thinkercise/Thinkercise/Saved/Config/Windows/Engine.ini]
[2021.03.15-06.42.22:330][  0]LogConfig: Setting CVar [[gc.MaxObjectsNotConsideredByGC:1]]
[2021.03.15-06.42.22:331][  0]LogConfig: Setting CVar [[gc.SizeOfPermanentObjectPool:0]]
[2021.03.15-06.42.22:331][  0]LogConfig: Setting CVar [[gc.FlushStreamingOnGC:0]]
[2021.03.15-06.42.22:331][  0]LogConfig: Setting CVar [[gc.NumRetriesBeforeForcingGC:10]]
[2021.03.15-06.42.22:331][  0]LogConfig: Setting CVar [[gc.AllowParallelGC:1]]
[2021.03.15-06.42.22:331][  0]LogConfig: Setting CVar [[gc.TimeBetweenPurgingPendingKillObjects:61.1]]
[2021.03.15-06.42.22:331][  0]LogConfig: Setting CVar [[gc.MaxObjectsInEditor:16777216]]
[2021.03.15-06.42.22:331][  0]LogConfig: Setting CVar [[gc.IncrementalBeginDestroyEnabled:1]]
[2021.03.15-06.42.22:331][  0]LogConfig: Setting CVar [[gc.CreateGCClusters:1]]
[2021.03.15-06.42.22:331][  0]LogConfig: Setting CVar [[gc.MinGCClusterSize:5]]
[2021.03.15-06.42.22:331][  0]LogConfig: Setting CVar [[gc.ActorClusteringEnabled:0]]
[2021.03.15-06.42.22:331][  0]LogConfig: Setting CVar [[gc.BlueprintClusteringEnabled:0]]
[2021.03.15-06.42.22:331][  0]LogConfig: Setting CVar [[gc.UseDisregardForGCOnDedicatedServers:0]]
[2021.03.15-06.42.22:331][  0]LogConfig: Applying CVar settings from Section [/Script/Engine.NetworkSettings] File [D:/Thinkercise/Thinkercise/Saved/Config/Windows/Engine.ini]
[2021.03.15-06.42.22:331][  0]LogConfig: Applying CVar settings from Section [/Script/UnrealEd.CookerSettings] File [D:/Thinkercise/Thinkercise/Saved/Config/Windows/Engine.ini]
[2021.03.15-06.42.22:333][  0]LogConfig: Applying CVar settings from Section [ViewDistanceQuality@3] File [D:/Thinkercise/Thinkercise/Saved/Config/Windows/Scalability.ini]
[2021.03.15-06.42.22:333][  0]LogConfig: Setting CVar [[r.SkeletalMeshLODBias:0]]
[2021.03.15-06.42.22:333][  0]LogConfig: Setting CVar [[r.ViewDistanceScale:1.0]]
[2021.03.15-06.42.22:333][  0]LogConfig: Applying CVar settings from Section [AntiAliasingQuality@3] File [D:/Thinkercise/Thinkercise/Saved/Config/Windows/Scalability.ini]
[2021.03.15-06.42.22:333][  0]LogConfig: Setting CVar [[r.PostProcessAAQuality:3]]
[2021.03.15-06.42.22:333][  0]LogConfig: Applying CVar settings from Section [ShadowQuality@3] File [D:/Thinkercise/Thinkercise/Saved/Config/Windows/Scalability.ini]
[2021.03.15-06.42.22:333][  0]LogConfig: Setting CVar [[r.LightFunctionQuality:1]]
[2021.03.15-06.42.22:333][  0]LogConfig: Setting CVar [[r.ShadowQuality:5]]
[2021.03.15-06.42.22:333][  0]LogConfig: Setting CVar [[r.Shadow.CSM.MaxCascades:10]]
[2021.03.15-06.42.22:333][  0]LogConfig: Setting CVar [[r.Shadow.MaxResolution:2048]]
[2021.03.15-06.42.22:333][  0]LogConfig: Setting CVar [[r.Shadow.MaxCSMResolution:2048]]
[2021.03.15-06.42.22:333][  0]LogConfig: Setting CVar [[r.Shadow.RadiusThreshold:0.01]]
[2021.03.15-06.42.22:333][  0]LogConfig: Setting CVar [[r.Shadow.DistanceScale:1.0]]
[2021.03.15-06.42.22:333][  0]LogConfig: Setting CVar [[r.Shadow.CSM.TransitionScale:1.0]]
[2021.03.15-06.42.22:333][  0]LogConfig: Setting CVar [[r.Shadow.PreShadowResolutionFactor:1.0]]
[2021.03.15-06.42.22:333][  0]LogConfig: Setting CVar [[r.DistanceFieldShadowing:1]]
[2021.03.15-06.42.22:333][  0]LogConfig: Setting CVar [[r.DistanceFieldAO:1]]
[2021.03.15-06.42.22:333][  0]LogConfig: Setting CVar [[r.AOQuality:2]]
[2021.03.15-06.42.22:333][  0]LogConfig: Setting CVar [[r.VolumetricFog:1]]
[2021.03.15-06.42.22:333][  0]LogConfig: Setting CVar [[r.VolumetricFog.GridPixelSize:8]]
[2021.03.15-06.42.22:333][  0]LogConfig: Setting CVar [[r.VolumetricFog.GridSizeZ:128]]
[2021.03.15-06.42.22:333][  0]LogConfig: Setting CVar [[r.VolumetricFog.HistoryMissSupersampleCount:4]]
[2021.03.15-06.42.22:333][  0]LogConfig: Setting CVar [[r.LightMaxDrawDistanceScale:1]]
[2021.03.15-06.42.22:333][  0]LogConfig: Setting CVar [[r.CapsuleShadows:1]]
[2021.03.15-06.42.22:333][  0]LogConfig: Applying CVar settings from Section [PostProcessQuality@3] File [D:/Thinkercise/Thinkercise/Saved/Config/Windows/Scalability.ini]
[2021.03.15-06.42.22:333][  0]LogConfig: Setting CVar [[r.MotionBlurQuality:0]]
[2021.03.15-06.42.22:333][  0]LogConfig: Setting CVar [[r.AmbientOcclusionMipLevelFactor:0.4]]
[2021.03.15-06.42.22:333][  0]LogConfig: Setting CVar [[r.AmbientOcclusionMaxQuality:100]]
[2021.03.15-06.42.22:333][  0]LogConfig: Setting CVar [[r.AmbientOcclusionLevels:0]]
[2021.03.15-06.42.22:333][  0]LogConfig: Setting CVar [[r.AmbientOcclusionRadiusScale:1.0]]
[2021.03.15-06.42.22:333][  0]LogConfig: Setting CVar [[r.DepthOfFieldQuality:0]]
[2021.03.15-06.42.22:333][  0]LogConfig: Setting CVar [[r.RenderTargetPoolMin:400]]
[2021.03.15-06.42.22:333][  0]LogConfig: Setting CVar [[r.LensFlareQuality:0]]
[2021.03.15-06.42.22:333][  0]LogConfig: Setting CVar [[r.SceneColorFringeQuality:0]]
[2021.03.15-06.42.22:333][  0]LogConfig: Setting CVar [[r.EyeAdaptationQuality:2]]
[2021.03.15-06.42.22:333][  0]LogConfig: Setting CVar [[r.BloomQuality:1]]
[2021.03.15-06.42.22:333][  0]LogConfig: Setting CVar [[r.FastBlurThreshold:0]]
[2021.03.15-06.42.22:333][  0]LogConfig: Setting CVar [[r.Upscale.Quality:3]]
[2021.03.15-06.42.22:333][  0]LogConfig: Setting CVar [[r.Tonemapper.GrainQuantization:1]]
[2021.03.15-06.42.22:333][  0]LogConfig: Setting CVar [[r.LightShaftQuality:1]]
[2021.03.15-06.42.22:333][  0]LogConfig: Setting CVar [[r.Filter.SizeScale:1]]
[2021.03.15-06.42.22:333][  0]LogConfig: Setting CVar [[r.Tonemapper.Quality:5]]
[2021.03.15-06.42.22:333][  0]LogConfig: Setting CVar [[r.DOF.Gather.AccumulatorQuality:1        ; higher gathering accumulator quality]]
[2021.03.15-06.42.22:333][  0]LogConfig: Setting CVar [[r.DOF.Gather.PostfilterMethod:1          ; Median3x3 postfilering method]]
[2021.03.15-06.42.22:333][  0]LogConfig: Setting CVar [[r.DOF.Gather.EnableBokehSettings:0       ; no bokeh simulation when gathering]]
[2021.03.15-06.42.22:333][  0]LogConfig: Setting CVar [[r.DOF.Gather.RingCount:4                 ; medium number of samples when gathering]]
[2021.03.15-06.42.22:333][  0]LogConfig: Setting CVar [[r.DOF.Scatter.ForegroundCompositing:1    ; additive foreground scattering]]
[2021.03.15-06.42.22:333][  0]LogConfig: Setting CVar [[r.DOF.Scatter.BackgroundCompositing:2    ; additive background scattering]]
[2021.03.15-06.42.22:333][  0]LogConfig: Setting CVar [[r.DOF.Scatter.EnableBokehSettings:1      ; bokeh simulation when scattering]]
[2021.03.15-06.42.22:333][  0]LogConfig: Setting CVar [[r.DOF.Scatter.MaxSpriteRatio:0.1         ; only a maximum of 10% of scattered bokeh]]
[2021.03.15-06.42.22:333][  0]LogConfig: Setting CVar [[r.DOF.Recombine.Quality:1                ; cheap slight out of focus]]
[2021.03.15-06.42.22:333][  0]LogConfig: Setting CVar [[r.DOF.Recombine.EnableBokehSettings:0    ; no bokeh simulation on slight out of focus]]
[2021.03.15-06.42.22:333][  0]LogConfig: Setting CVar [[r.DOF.TemporalAAQuality:1                ; more stable temporal accumulation]]
[2021.03.15-06.42.22:334][  0]LogConfig: Setting CVar [[r.DOF.Kernel.MaxForegroundRadius:0.025]]
[2021.03.15-06.42.22:334][  0]LogConfig: Setting CVar [[r.DOF.Kernel.MaxBackgroundRadius:0.025]]
[2021.03.15-06.42.22:334][  0]LogConfig: Applying CVar settings from Section [TextureQuality@3] File [D:/Thinkercise/Thinkercise/Saved/Config/Windows/Scalability.ini]
[2021.03.15-06.42.22:334][  0]LogConfig: Setting CVar [[r.Streaming.MipBias:0]]
[2021.03.15-06.42.22:334][  0]LogConfig: Setting CVar [[r.Streaming.AmortizeCPUToGPUCopy:0]]
[2021.03.15-06.42.22:334][  0]LogConfig: Setting CVar [[r.Streaming.MaxNumTexturesToStreamPerFrame:0]]
[2021.03.15-06.42.22:334][  0]LogConfig: Setting CVar [[r.Streaming.Boost:1]]
[2021.03.15-06.42.22:334][  0]LogConfig: Setting CVar [[r.MaxAnisotropy:8]]
[2021.03.15-06.42.22:334][  0]LogConfig: Setting CVar [[r.Streaming.LimitPoolSizeToVRAM:0]]
[2021.03.15-06.42.22:334][  0]LogConfig: Setting CVar [[r.Streaming.PoolSize:1000]]
[2021.03.15-06.42.22:334][  0]LogConfig: Setting CVar [[r.Streaming.MaxEffectiveScreenSize:0]]
[2021.03.15-06.42.22:334][  0]LogConfig: Applying CVar settings from Section [EffectsQuality@3] File [D:/Thinkercise/Thinkercise/Saved/Config/Windows/Scalability.ini]
[2021.03.15-06.42.22:334][  0]LogConfig: Setting CVar [[r.TranslucencyLightingVolumeDim:4]]
[2021.03.15-06.42.22:334][  0]LogConfig: Setting CVar [[r.RefractionQuality:2]]
[2021.03.15-06.42.22:334][  0]LogConfig: Setting CVar [[r.SSR.Quality:0]]
[2021.03.15-06.42.22:334][  0]LogConfig: Setting CVar [[r.SceneColorFormat:2]]
[2021.03.15-06.42.22:334][  0]LogConfig: Setting CVar [[r.DetailMode:2]]
[2021.03.15-06.42.22:334][  0]LogConfig: Setting CVar [[r.TranslucencyVolumeBlur:0]]
[2021.03.15-06.42.22:334][  0]LogConfig: Setting CVar [[r.MaterialQualityLevel:1 ; High quality]]
[2021.03.15-06.42.22:334][  0]LogConfig: Setting CVar [[r.SSS.Scale:1]]
[2021.03.15-06.42.22:334][  0]LogConfig: Setting CVar [[r.SSS.SampleSet:2]]
[2021.03.15-06.42.22:334][  0]LogConfig: Setting CVar [[r.SSS.Quality:1]]
[2021.03.15-06.42.22:334][  0]LogConfig: Setting CVar [[r.SSS.HalfRes:1]]
[2021.03.15-06.42.22:334][  0]LogConfig: Setting CVar [[r.EmitterSpawnRateScale:1.0]]
[2021.03.15-06.42.22:334][  0]LogConfig: Setting CVar [[r.ParticleLightQuality:2]]
[2021.03.15-06.42.22:334][  0]LogConfig: Applying CVar settings from Section [FoliageQuality@3] File [D:/Thinkercise/Thinkercise/Saved/Config/Windows/Scalability.ini]
[2021.03.15-06.42.22:334][  0]LogConfig: Setting CVar [[foliage.DensityScale:1.0]]
[2021.03.15-06.42.22:334][  0]LogConfig: Setting CVar [[grass.DensityScale:1.0]]
[2021.03.15-06.42.22:334][  0]LogInit: Selected Device Profile: [Windows]
[2021.03.15-06.42.22:334][  0]LogInit: Applying CVar settings loaded from the selected device profile: [Windows]
[2021.03.15-06.42.22:343][  0]LogHAL: Display: Platform has ~ 16 GB [17107853312 / 17179869184 / 16], which maps to Larger [LargestMinGB=32, LargerMinGB=12, DefaultMinGB=8, SmallerMinGB=6, SmallestMinGB=0)
[2021.03.15-06.42.22:343][  0]LogConfig: Setting CVar [[r.Vulkan.UseRealUBs:0		; Required until we fix HLR fall-out]]
[2021.03.15-06.42.22:343][  0]LogInit: Going up to parent DeviceProfile []
[2021.03.15-06.42.22:343][  0]LogConfig: Applying CVar settings from Section [ViewDistanceQuality@3] File [D:/Thinkercise/Thinkercise/Saved/Config/Windows/Scalability.ini]
[2021.03.15-06.42.22:343][  0]LogConfig: Setting CVar [[r.SkeletalMeshLODBias:0]]
[2021.03.15-06.42.22:343][  0]LogConfig: Setting CVar [[r.ViewDistanceScale:1.0]]
[2021.03.15-06.42.22:343][  0]LogConfig: Applying CVar settings from Section [AntiAliasingQuality@3] File [D:/Thinkercise/Thinkercise/Saved/Config/Windows/Scalability.ini]
[2021.03.15-06.42.22:343][  0]LogConfig: Setting CVar [[r.PostProcessAAQuality:3]]
[2021.03.15-06.42.22:343][  0]LogConfig: Applying CVar settings from Section [ShadowQuality@3] File [D:/Thinkercise/Thinkercise/Saved/Config/Windows/Scalability.ini]
[2021.03.15-06.42.22:343][  0]LogConfig: Setting CVar [[r.LightFunctionQuality:1]]
[2021.03.15-06.42.22:343][  0]LogConfig: Setting CVar [[r.ShadowQuality:5]]
[2021.03.15-06.42.22:343][  0]LogConfig: Setting CVar [[r.Shadow.CSM.MaxCascades:10]]
[2021.03.15-06.42.22:343][  0]LogConfig: Setting CVar [[r.Shadow.MaxResolution:2048]]
[2021.03.15-06.42.22:343][  0]LogConfig: Setting CVar [[r.Shadow.MaxCSMResolution:2048]]
[2021.03.15-06.42.22:343][  0]LogConfig: Setting CVar [[r.Shadow.RadiusThreshold:0.01]]
[2021.03.15-06.42.22:344][  0]LogConfig: Setting CVar [[r.Shadow.DistanceScale:1.0]]
[2021.03.15-06.42.22:344][  0]LogConfig: Setting CVar [[r.Shadow.CSM.TransitionScale:1.0]]
[2021.03.15-06.42.22:344][  0]LogConfig: Setting CVar [[r.Shadow.PreShadowResolutionFactor:1.0]]
[2021.03.15-06.42.22:344][  0]LogConfig: Setting CVar [[r.DistanceFieldShadowing:1]]
[2021.03.15-06.42.22:344][  0]LogConfig: Setting CVar [[r.DistanceFieldAO:1]]
[2021.03.15-06.42.22:344][  0]LogConfig: Setting CVar [[r.AOQuality:2]]
[2021.03.15-06.42.22:344][  0]LogConfig: Setting CVar [[r.VolumetricFog:1]]
[2021.03.15-06.42.22:344][  0]LogConfig: Setting CVar [[r.VolumetricFog.GridPixelSize:8]]
[2021.03.15-06.42.22:344][  0]LogConfig: Setting CVar [[r.VolumetricFog.GridSizeZ:128]]
[2021.03.15-06.42.22:344][  0]LogConfig: Setting CVar [[r.VolumetricFog.HistoryMissSupersampleCount:4]]
[2021.03.15-06.42.22:344][  0]LogConfig: Setting CVar [[r.LightMaxDrawDistanceScale:1]]
[2021.03.15-06.42.22:344][  0]LogConfig: Setting CVar [[r.CapsuleShadows:1]]
[2021.03.15-06.42.22:344][  0]LogConfig: Applying CVar settings from Section [PostProcessQuality@3] File [D:/Thinkercise/Thinkercise/Saved/Config/Windows/Scalability.ini]
[2021.03.15-06.42.22:344][  0]LogConfig: Setting CVar [[r.MotionBlurQuality:0]]
[2021.03.15-06.42.22:344][  0]LogConfig: Setting CVar [[r.AmbientOcclusionMipLevelFactor:0.4]]
[2021.03.15-06.42.22:344][  0]LogConfig: Setting CVar [[r.AmbientOcclusionMaxQuality:100]]
[2021.03.15-06.42.22:344][  0]LogConfig: Setting CVar [[r.AmbientOcclusionLevels:0]]
[2021.03.15-06.42.22:344][  0]LogConfig: Setting CVar [[r.AmbientOcclusionRadiusScale:1.0]]
[2021.03.15-06.42.22:344][  0]LogConfig: Setting CVar [[r.DepthOfFieldQuality:0]]
[2021.03.15-06.42.22:344][  0]LogConfig: Setting CVar [[r.RenderTargetPoolMin:400]]
[2021.03.15-06.42.22:344][  0]LogConfig: Setting CVar [[r.LensFlareQuality:0]]
[2021.03.15-06.42.22:344][  0]LogConfig: Setting CVar [[r.SceneColorFringeQuality:0]]
[2021.03.15-06.42.22:344][  0]LogConfig: Setting CVar [[r.EyeAdaptationQuality:2]]
[2021.03.15-06.42.22:344][  0]LogConfig: Setting CVar [[r.BloomQuality:1]]
[2021.03.15-06.42.22:344][  0]LogConfig: Setting CVar [[r.FastBlurThreshold:0]]
[2021.03.15-06.42.22:344][  0]LogConfig: Setting CVar [[r.Upscale.Quality:3]]
[2021.03.15-06.42.22:344][  0]LogConfig: Setting CVar [[r.Tonemapper.GrainQuantization:1]]
[2021.03.15-06.42.22:344][  0]LogConfig: Setting CVar [[r.LightShaftQuality:1]]
[2021.03.15-06.42.22:344][  0]LogConfig: Setting CVar [[r.Filter.SizeScale:1]]
[2021.03.15-06.42.22:344][  0]LogConfig: Setting CVar [[r.Tonemapper.Quality:5]]
[2021.03.15-06.42.22:344][  0]LogConfig: Setting CVar [[r.DOF.Gather.AccumulatorQuality:1        ; higher gathering accumulator quality]]
[2021.03.15-06.42.22:344][  0]LogConfig: Setting CVar [[r.DOF.Gather.PostfilterMethod:1          ; Median3x3 postfilering method]]
[2021.03.15-06.42.22:344][  0]LogConfig: Setting CVar [[r.DOF.Gather.EnableBokehSettings:0       ; no bokeh simulation when gathering]]
[2021.03.15-06.42.22:344][  0]LogConfig: Setting CVar [[r.DOF.Gather.RingCount:4                 ; medium number of samples when gathering]]
[2021.03.15-06.42.22:344][  0]LogConfig: Setting CVar [[r.DOF.Scatter.ForegroundCompositing:1    ; additive foreground scattering]]
[2021.03.15-06.42.22:344][  0]LogConfig: Setting CVar [[r.DOF.Scatter.BackgroundCompositing:2    ; additive background scattering]]
[2021.03.15-06.42.22:344][  0]LogConfig: Setting CVar [[r.DOF.Scatter.EnableBokehSettings:1      ; bokeh simulation when scattering]]
[2021.03.15-06.42.22:344][  0]LogConfig: Setting CVar [[r.DOF.Scatter.MaxSpriteRatio:0.1         ; only a maximum of 10% of scattered bokeh]]
[2021.03.15-06.42.22:344][  0]LogConfig: Setting CVar [[r.DOF.Recombine.Quality:1                ; cheap slight out of focus]]
[2021.03.15-06.42.22:344][  0]LogConfig: Setting CVar [[r.DOF.Recombine.EnableBokehSettings:0    ; no bokeh simulation on slight out of focus]]
[2021.03.15-06.42.22:344][  0]LogConfig: Setting CVar [[r.DOF.TemporalAAQuality:1                ; more stable temporal accumulation]]
[2021.03.15-06.42.22:344][  0]LogConfig: Setting CVar [[r.DOF.Kernel.MaxForegroundRadius:0.025]]
[2021.03.15-06.42.22:344][  0]LogConfig: Setting CVar [[r.DOF.Kernel.MaxBackgroundRadius:0.025]]
[2021.03.15-06.42.22:344][  0]LogConfig: Applying CVar settings from Section [TextureQuality@3] File [D:/Thinkercise/Thinkercise/Saved/Config/Windows/Scalability.ini]
[2021.03.15-06.42.22:344][  0]LogConfig: Setting CVar [[r.Streaming.MipBias:0]]
[2021.03.15-06.42.22:344][  0]LogConfig: Setting CVar [[r.Streaming.AmortizeCPUToGPUCopy:0]]
[2021.03.15-06.42.22:344][  0]LogConfig: Setting CVar [[r.Streaming.MaxNumTexturesToStreamPerFrame:0]]
[2021.03.15-06.42.22:344][  0]LogConfig: Setting CVar [[r.Streaming.Boost:1]]
[2021.03.15-06.42.22:344][  0]LogConfig: Setting CVar [[r.MaxAnisotropy:8]]
[2021.03.15-06.42.22:344][  0]LogConfig: Setting CVar [[r.Streaming.LimitPoolSizeToVRAM:0]]
[2021.03.15-06.42.22:344][  0]LogConfig: Setting CVar [[r.Streaming.PoolSize:1000]]
[2021.03.15-06.42.22:344][  0]LogConfig: Setting CVar [[r.Streaming.MaxEffectiveScreenSize:0]]
[2021.03.15-06.42.22:344][  0]LogConfig: Applying CVar settings from Section [EffectsQuality@3] File [D:/Thinkercise/Thinkercise/Saved/Config/Windows/Scalability.ini]
[2021.03.15-06.42.22:344][  0]LogConfig: Setting CVar [[r.TranslucencyLightingVolumeDim:4]]
[2021.03.15-06.42.22:344][  0]LogConfig: Setting CVar [[r.RefractionQuality:2]]
[2021.03.15-06.42.22:344][  0]LogConfig: Setting CVar [[r.SSR.Quality:0]]
[2021.03.15-06.42.22:344][  0]LogConfig: Setting CVar [[r.SceneColorFormat:2]]
[2021.03.15-06.42.22:344][  0]LogConfig: Setting CVar [[r.DetailMode:2]]
[2021.03.15-06.42.22:344][  0]LogConfig: Setting CVar [[r.TranslucencyVolumeBlur:0]]
[2021.03.15-06.42.22:344][  0]LogConfig: Setting CVar [[r.MaterialQualityLevel:1 ; High quality]]
[2021.03.15-06.42.22:344][  0]LogConfig: Setting CVar [[r.SSS.Scale:1]]
[2021.03.15-06.42.22:344][  0]LogConfig: Setting CVar [[r.SSS.SampleSet:2]]
[2021.03.15-06.42.22:344][  0]LogConfig: Setting CVar [[r.SSS.Quality:1]]
[2021.03.15-06.42.22:344][  0]LogConfig: Setting CVar [[r.SSS.HalfRes:1]]
[2021.03.15-06.42.22:344][  0]LogConfig: Setting CVar [[r.EmitterSpawnRateScale:1.0]]
[2021.03.15-06.42.22:344][  0]LogConfig: Setting CVar [[r.ParticleLightQuality:2]]
[2021.03.15-06.42.22:344][  0]LogConfig: Applying CVar settings from Section [FoliageQuality@3] File [D:/Thinkercise/Thinkercise/Saved/Config/Windows/Scalability.ini]
[2021.03.15-06.42.22:344][  0]LogConfig: Setting CVar [[foliage.DensityScale:1.0]]
[2021.03.15-06.42.22:344][  0]LogConfig: Setting CVar [[grass.DensityScale:1.0]]
[2021.03.15-06.42.22:344][  0]LogConfig: Applying CVar settings from Section [Startup] File [../../../Engine/Config/ConsoleVariables.ini]
[2021.03.15-06.42.22:344][  0]LogConfig: Setting CVar [[net.UseAdaptiveNetUpdateFrequency:0]]
[2021.03.15-06.42.22:344][  0]LogConfig: Setting CVar [[p.chaos.AllowCreatePhysxBodies:1]]
[2021.03.15-06.42.22:344][  0]LogConfig: Applying CVar settings from Section [ConsoleVariables] File [D:/Thinkercise/Thinkercise/Saved/Config/Windows/Engine.ini]
[2021.03.15-06.42.22:344][  0]LogInit: Computer: DESKTOP-72437OB
[2021.03.15-06.42.22:344][  0]LogInit: User: PiLab2
[2021.03.15-06.42.22:344][  0]LogInit: CPU Page size=4096, Cores=6
[2021.03.15-06.42.22:344][  0]LogInit: High frequency timer resolution =10.000000 MHz
[2021.03.15-06.42.22:345][  0]LogMemory: Memory total: Physical=15.9GB (16GB approx)
[2021.03.15-06.42.22:345][  0]LogMemory: Platform Memory Stats for Windows
[2021.03.15-06.42.22:345][  0]LogMemory: Process Physical Memory: 103.68 MB used, 103.68 MB peak
[2021.03.15-06.42.22:345][  0]LogMemory: Process Virtual Memory: 105.38 MB used, 105.38 MB peak
[2021.03.15-06.42.22:345][  0]LogMemory: Physical Memory: 8782.61 MB used,  7532.71 MB free, 16315.32 MB total
[2021.03.15-06.42.22:345][  0]LogMemory: Virtual Memory: 4688.59 MB used,  134213040.00 MB free, 134217728.00 MB total
[2021.03.15-06.42.22:356][  0]LogInit: Using OS detected language (th-TH).
[2021.03.15-06.42.22:356][  0]LogInit: Using OS detected locale (th-TH).
[2021.03.15-06.42.22:357][  0]LogTextLocalizationManager: No localization for 'th-TH' exists, so 'en' will be used for the language.
[2021.03.15-06.42.22:477][  0]LogInit: Setting process to per monitor DPI aware
[2021.03.15-06.42.22:495][  0]LogSlate: New Slate User Created.  User Index 0, Is Virtual User: 0
[2021.03.15-06.42.22:495][  0]LogSlate: Slate User Registered.  User Index 0, Is Virtual User: 0
[2021.03.15-06.42.22:644][  0]LogHMD: Failed to initialize OpenVR with code 108
[2021.03.15-06.42.22:644][  0]LogD3D11RHI: D3D11 adapters:
[2021.03.15-06.42.22:709][  0]LogD3D11RHI:    0. 'NVIDIA GeForce RTX 2070' (Feature Level 11_0)
[2021.03.15-06.42.22:709][  0]LogD3D11RHI:       8031/0/8157 MB DedicatedVideo/DedicatedSystem/SharedSystem, Outputs:1, VendorId:0x10de
[2021.03.15-06.42.22:711][  0]LogD3D11RHI:    1. 'Microsoft Basic Render Driver' (Feature Level 11_0)
[2021.03.15-06.42.22:711][  0]LogD3D11RHI:       0/0/8157 MB DedicatedVideo/DedicatedSystem/SharedSystem, Outputs:0, VendorId:0x1414
[2021.03.15-06.42.22:711][  0]LogD3D11RHI: Chosen D3D11 Adapter: 0
[2021.03.15-06.42.22:718][  0]LogD3D11RHI: Creating new Direct3DDevice
[2021.03.15-06.42.22:718][  0]LogD3D11RHI:     GPU DeviceId: 0x1f07 (for the marketing name, search the web for "GPU Device Id")
[2021.03.15-06.42.22:718][  0]LogWindows: EnumDisplayDevices:
[2021.03.15-06.42.22:718][  0]LogWindows:    0. 'NVIDIA GeForce RTX 2070' (P:1 D:1)
[2021.03.15-06.42.22:718][  0]LogWindows:    1. 'NVIDIA GeForce RTX 2070' (P:0 D:0)
[2021.03.15-06.42.22:718][  0]LogWindows:    2. 'NVIDIA GeForce RTX 2070' (P:0 D:0)
[2021.03.15-06.42.22:719][  0]LogWindows:    3. 'NVIDIA GeForce RTX 2070' (P:0 D:0)
[2021.03.15-06.42.22:719][  0]LogWindows: DebugString: FoundDriverCount:4 
[2021.03.15-06.42.22:719][  0]LogD3D11RHI:     Adapter Name: NVIDIA GeForce RTX 2070
[2021.03.15-06.42.22:719][  0]LogD3D11RHI:   Driver Version: 456.71 (internal:27.21.14.5671, unified:456.71)
[2021.03.15-06.42.22:719][  0]LogD3D11RHI:      Driver Date: 9-30-2020
[2021.03.15-06.42.22:719][  0]LogRHI: Texture pool is 5621 MB (70% of 8031 MB)
[2021.03.15-06.42.22:754][  0]LogD3D11RHI: Async texture creation enabled
[2021.03.15-06.42.22:758][  0]LogRendererCore: FGlobalReadBuffer::InitRHI
[2021.03.15-06.42.22:758][  0]LogRendererCore: FGlobalReadBuffer::InitRHI
[2021.03.15-06.42.22:758][  0]LogRendererCore: FGlobalReadBuffer::InitRHI
[2021.03.15-06.42.22:765][  0]LogD3D11RHI: GPU Timing Frequency: 1000.000000 (Debug: 2 1)
[2021.03.15-06.42.22:975][  0]LogTemp: Display: Module 'AllDesktopTargetPlatform' loaded TargetPlatform 'AllDesktop'
[2021.03.15-06.42.22:986][  0]LogTemp: Display: Module 'MacClientTargetPlatform' loaded TargetPlatform 'MacClient'
[2021.03.15-06.42.22:998][  0]LogTemp: Display: Module 'MacNoEditorTargetPlatform' loaded TargetPlatform 'MacNoEditor'
[2021.03.15-06.42.23:009][  0]LogTemp: Display: Module 'MacServerTargetPlatform' loaded TargetPlatform 'MacServer'
[2021.03.15-06.42.23:020][  0]LogTemp: Display: Module 'MacTargetPlatform' loaded TargetPlatform 'Mac'
[2021.03.15-06.42.23:036][  0]LogTemp: Display: Module 'WindowsClientTargetPlatform' loaded TargetPlatform 'WindowsClient'
[2021.03.15-06.42.23:048][  0]LogTemp: Display: Module 'WindowsNoEditorTargetPlatform' loaded TargetPlatform 'WindowsNoEditor'
[2021.03.15-06.42.23:059][  0]LogTemp: Display: Module 'WindowsServerTargetPlatform' loaded TargetPlatform 'WindowsServer'
[2021.03.15-06.42.23:064][  0]LogTemp: Display: Module 'WindowsTargetPlatform' loaded TargetPlatform 'Windows'
[2021.03.15-06.42.23:125][  0]LogTemp: Display: Module 'AndroidTargetPlatform' loaded TargetPlatform 'Android'
[2021.03.15-06.42.23:125][  0]LogTemp: Display: Module 'AndroidTargetPlatform' loaded TargetPlatform 'Android_ASTC'
[2021.03.15-06.42.23:125][  0]LogTemp: Display: Module 'AndroidTargetPlatform' loaded TargetPlatform 'Android_ATC'
[2021.03.15-06.42.23:125][  0]LogTemp: Display: Module 'AndroidTargetPlatform' loaded TargetPlatform 'Android_DXT'
[2021.03.15-06.42.23:125][  0]LogTemp: Display: Module 'AndroidTargetPlatform' loaded TargetPlatform 'Android_ETC1'
[2021.03.15-06.42.23:125][  0]LogTemp: Display: Module 'AndroidTargetPlatform' loaded TargetPlatform 'Android_ETC1a'
[2021.03.15-06.42.23:125][  0]LogTemp: Display: Module 'AndroidTargetPlatform' loaded TargetPlatform 'Android_ETC2'
[2021.03.15-06.42.23:125][  0]LogTemp: Display: Module 'AndroidTargetPlatform' loaded TargetPlatform 'Android_PVRTC'
[2021.03.15-06.42.23:125][  0]LogTemp: Display: Module 'AndroidTargetPlatform' loaded TargetPlatform 'AndroidClient'
[2021.03.15-06.42.23:125][  0]LogTemp: Display: Module 'AndroidTargetPlatform' loaded TargetPlatform 'Android_ASTCClient'
[2021.03.15-06.42.23:125][  0]LogTemp: Display: Module 'AndroidTargetPlatform' loaded TargetPlatform 'Android_ATCClient'
[2021.03.15-06.42.23:125][  0]LogTemp: Display: Module 'AndroidTargetPlatform' loaded TargetPlatform 'Android_DXTClient'
[2021.03.15-06.42.23:125][  0]LogTemp: Display: Module 'AndroidTargetPlatform' loaded TargetPlatform 'Android_ETC1Client'
[2021.03.15-06.42.23:125][  0]LogTemp: Display: Module 'AndroidTargetPlatform' loaded TargetPlatform 'Android_ETC1aClient'
[2021.03.15-06.42.23:125][  0]LogTemp: Display: Module 'AndroidTargetPlatform' loaded TargetPlatform 'Android_ETC2Client'
[2021.03.15-06.42.23:125][  0]LogTemp: Display: Module 'AndroidTargetPlatform' loaded TargetPlatform 'Android_PVRTCClient'
[2021.03.15-06.42.23:125][  0]LogTemp: Display: Module 'AndroidTargetPlatform' loaded TargetPlatform 'Android_Multi'
[2021.03.15-06.42.23:125][  0]LogTemp: Display: Module 'AndroidTargetPlatform' loaded TargetPlatform 'Android_MultiClient'
[2021.03.15-06.42.23:126][  0]LogTemp: Display: Module 'HTML5TargetPlatform' loaded TargetPlatform 'HTML5'
[2021.03.15-06.42.23:168][  0]LogTemp: Display: Module 'IOSTargetPlatform' loaded TargetPlatform 'IOSClient'
[2021.03.15-06.42.23:168][  0]LogTemp: Display: Module 'IOSTargetPlatform' loaded TargetPlatform 'IOS'
[2021.03.15-06.42.23:185][  0]LogTemp: Display: Module 'TVOSTargetPlatform' loaded TargetPlatform 'TVOSClient'
[2021.03.15-06.42.23:185][  0]LogTemp: Display: Module 'TVOSTargetPlatform' loaded TargetPlatform 'TVOS'
[2021.03.15-06.42.23:194][  0]LogTemp: Display: Module 'LinuxClientTargetPlatform' loaded TargetPlatform 'LinuxClient'
[2021.03.15-06.42.23:204][  0]LogTemp: Display: Module 'LinuxNoEditorTargetPlatform' loaded TargetPlatform 'LinuxNoEditor'
[2021.03.15-06.42.23:216][  0]LogTemp: Display: Module 'LinuxServerTargetPlatform' loaded TargetPlatform 'LinuxServer'
[2021.03.15-06.42.23:227][  0]LogTemp: Display: Module 'LinuxTargetPlatform' loaded TargetPlatform 'Linux'
[2021.03.15-06.42.23:260][  0]LogTemp: Display: Module 'LuminTargetPlatform' loaded TargetPlatform 'Lumin'
[2021.03.15-06.42.23:260][  0]LogTemp: Display: Module 'LuminTargetPlatform' loaded TargetPlatform 'LuminClient'
[2021.03.15-06.42.23:260][  0]LogTargetPlatformManager: Display: Building Assets For Windows
[2021.03.15-06.42.23:266][  0]LogAudioDebug: Display: Lib vorbis DLL was dynamically loaded.
[2021.03.15-06.42.23:303][  0]LogShaderCompilers: Guid format shader working directory is 28 characters bigger than the processId version (D:/Thinkercise/Thinkercise/Intermediate/Shaders/WorkingDirectory/1552/).
[2021.03.15-06.42.23:303][  0]LogShaderCompilers: Cleaned the shader compiler working directory 'C:/Users/Multimedia-02/AppData/Local/Temp/UnrealShaderWorkingDir/682D5F7D467B9A5C6F70E9AF7DBE8115/'.
[2021.03.15-06.42.23:304][  0]LogXGEController: Cannot use XGE Controller as Incredibuild is not installed on this machine.
[2021.03.15-06.42.23:304][  0]LogShaderCompilers: Cannot use XGE Shader Compiler as Incredibuild is not installed on this machine.
[2021.03.15-06.42.23:304][  0]LogShaderCompilers: Display: Using Local Shader Compiler.
[2021.03.15-06.42.23:740][  0]LogDerivedDataCache: Display: Max Cache Size: 512 MB
[2021.03.15-06.42.23:782][  0]LogDerivedDataCache: Loaded boot cache 0.04s 73MB C:/Users/Multimedia-02/AppData/Local/UnrealEngine/4.22/DerivedDataCache/Boot.ddc.
[2021.03.15-06.42.23:782][  0]LogDerivedDataCache: Display: Loaded Boot cache: C:/Users/Multimedia-02/AppData/Local/UnrealEngine/4.22/DerivedDataCache/Boot.ddc
[2021.03.15-06.42.23:782][  0]LogDerivedDataCache: FDerivedDataBackendGraph:  Pak pak cache file D:/Thinkercise/Thinkercise/DerivedDataCache/DDC.ddp not found, will not use a pak cache.
[2021.03.15-06.42.23:782][  0]LogDerivedDataCache: Unable to find inner node Pak for hierarchical cache Hierarchy.
[2021.03.15-06.42.23:782][  0]LogDerivedDataCache: FDerivedDataBackendGraph:  CompressedPak pak cache file D:/Thinkercise/Thinkercise/DerivedDataCache/Compressed.ddp not found, will not use a pak cache.
[2021.03.15-06.42.23:782][  0]LogDerivedDataCache: Unable to find inner node CompressedPak for hierarchical cache Hierarchy.
[2021.03.15-06.42.23:792][  0]LogDerivedDataCache: Display: Pak cache opened for reading ../../../Engine/DerivedDataCache/Compressed.ddp.
[2021.03.15-06.42.23:794][  0]LogDerivedDataCache: Display: Pak cache opened for reading ../../../Enterprise/DerivedDataCache/Compressed.ddp.
[2021.03.15-06.42.23:806][  0]LogDerivedDataCache: Using Local data cache path C:/Users/Multimedia-02/AppData/Local/UnrealEngine/Common/DerivedDataCache: Writable
[2021.03.15-06.42.23:806][  0]LogDerivedDataCache: Shared data cache path not found in *engine.ini, will not use an Shared cache.
[2021.03.15-06.42.23:806][  0]LogDerivedDataCache: Unable to find inner node Shared for hierarchical cache Hierarchy.
[2021.03.15-06.42.23:823][  0]LogMaterial: Verifying Global Shaders for PCD3D_SM5
[2021.03.15-06.42.23:824][  0]LogSlate: Using FreeType 2.6.0
[2021.03.15-06.42.23:824][  0]LogSlate: SlateFontServices - WITH_FREETYPE: 1, WITH_HARFBUZZ: 1
[2021.03.15-06.42.23:895][  0]LogAssetRegistry: FAssetRegistry took 0.0305 seconds to start up
[2021.03.15-06.42.24:144][  0]LogInit: Selected Device Profile: [Windows]
[2021.03.15-06.42.24:244][  0]LogMeshReduction: Using QuadricMeshReduction for automatic static mesh reduction
[2021.03.15-06.42.24:244][  0]LogMeshReduction: Using SimplygonMeshReduction for automatic skeletal mesh reduction
[2021.03.15-06.42.24:244][  0]LogMeshReduction: Using ProxyLODMeshReduction for automatic mesh merging
[2021.03.15-06.42.24:244][  0]LogMeshReduction: No distributed automatic mesh merging module available
[2021.03.15-06.42.24:244][  0]LogMeshMerging: No distributed automatic mesh merging module available
[2021.03.15-06.42.24:252][  0]LogNetVersion: Thinkercise 1.0.0, NetCL: 5660361, EngineNetVer: 10, GameNetVer: 0 (Checksum: 2372011420)
[2021.03.15-06.42.24:562][  0]LogPackageLocalizationCache: Processed 16 localized package path(s) for 1 prioritized culture(s) in 0.041676 seconds
[2021.03.15-06.42.24:566][  0]LogUObjectArray: 42206 objects as part of root set at end of initial load.
[2021.03.15-06.42.24:566][  0]LogUObjectAllocator: 7325256 out of 0 bytes used by permanent object pool.
[2021.03.15-06.42.24:566][  0]LogUObjectArray: CloseDisregardForGC: 0/0 objects in disregard for GC pool
[2021.03.15-06.42.25:189][  0]LogTcpMessaging: Initializing TcpMessaging bridge
[2021.03.15-06.42.25:202][  0]LogUdpMessaging: Initializing bridge on interface 0.0.0.0:0 to multicast group 230.0.0.1:6666.
[2021.03.15-06.42.25:305][  0]SourceControl: Source control is disabled
[2021.03.15-06.42.25:305][  0]SourceControl: Source control is disabled
[2021.03.15-06.42.25:306][  0]SourceControl: Source control is disabled
[2021.03.15-06.42.25:307][  0]SourceControl: Source control is disabled
[2021.03.15-06.42.25:386][  0]LogAndroidPermission: UAndroidPermissionCallbackProxy::GetInstance
[2021.03.15-06.42.25:458][  0]LogOcInput: OculusInput pre-init called
[2021.03.15-06.42.27:054][  0]LogWindows: Failed to load 'libalias_api.dll' (GetLastError=126)
[2021.03.15-06.42.27:054][  0]LogWindows: File 'libalias_api.dll' does not exist
[2021.03.15-06.42.27:055][  0]LogWindows: Failed to load 'libalias_api.dll' (GetLastError=126)
[2021.03.15-06.42.27:055][  0]LogWindows: File 'libalias_api.dll' does not exist
[2021.03.15-06.42.27:178][  0]LogEngine: Initializing Engine...
[2021.03.15-06.42.27:224][  0]LogHMD: Failed to initialize OpenVR with code 108
[2021.03.15-06.42.27:225][  0]LogStats: UGameplayTagsManager::InitializeManager -  0.000 s
[2021.03.15-06.42.27:391][  0]LogInit: Initializing FReadOnlyCVARCache
[2021.03.15-06.42.27:404][  0]LogAIModule: Creating AISystem for world Untitled
[2021.03.15-06.42.27:433][  0]LogInit: XAudio2 using '27B1 (NVIDIA High Definition Audio)' : 2 channels at 48 kHz using 16 bits per sample (channel mask 0x3)
[2021.03.15-06.42.27:450][  0]LogInit: FAudioDevice initialized.
[2021.03.15-06.42.27:450][  0]LogNetVersion: Set ProjectVersion to 1.0.0.0. Version Checksum will be recalculated on next use.
[2021.03.15-06.42.27:513][  0]LogDerivedDataCache: Saved boot cache 0.06s 73MB C:/Users/Multimedia-02/AppData/Local/UnrealEngine/4.22/DerivedDataCache/Boot.ddc.
[2021.03.15-06.42.27:522][  0]LogInit: Texture streaming: Enabled
[2021.03.15-06.42.27:534][  0]LogEngineSessionManager: EngineSessionManager initialized
[2021.03.15-06.42.27:549][  0]LogInit: Transaction tracking system initialized
[2021.03.15-06.42.27:564][  0]BlueprintLog: New page: Editor Load
[2021.03.15-06.42.27:616][  0]LocalizationService: Localization service is disabled
[2021.03.15-06.42.27:836][  0]LogCook: Display: Max memory allowance for cook 16384mb min free memory 0mb
[2021.03.15-06.42.27:836][  0]LogCook: Display: Mobile HDR setting 0
[2021.03.15-06.42.27:850][  0]LogFileCache: Scanning file cache for directory 'D:/Thinkercise/Thinkercise/Content/' took 0.03s
[2021.03.15-06.42.27:898][  0]LogLinker: Warning: Can't find file '/Engine/BasicShapes/Sphere'
[2021.03.15-06.42.27:898][  0]LogLinker: Warning: Can't find file '/Engine/BasicShapes/Sphere'
[2021.03.15-06.42.27:898][  0]LogUObjectGlobals: Warning: Failed to find object 'StaticMesh /Engine/BasicShapes/Sphere.Sphere'
[2021.03.15-06.42.28:831][  0]SourceControl: Source control is disabled
[2021.03.15-06.42.28:831][  0]Cmd: MAP LOAD FILE="D:/Thinkercise/Thinkercise/Content/VirtualRealityBP/Maps/mainManu.umap" TEMPLATE=0 SHOWPROGRESS=1 FEATURELEVEL=3
[2021.03.15-06.42.28:831][  0]LightingResults: New page: Lighting Build
[2021.03.15-06.42.28:833][  0]MapCheck: New page: Map Check
[2021.03.15-06.42.28:833][  0]LightingResults: New page: Lighting Build
[2021.03.15-06.42.28:855][  0]LogUObjectHash: Compacting FUObjectHashTables data took   1.27ms
[2021.03.15-06.42.29:157][  0]LogAIModule: Creating AISystem for world mainManu
[2021.03.15-06.42.29:163][  0]LogEditorServer: Finished looking for orphan Actors (0.000 secs)
[2021.03.15-06.42.29:189][  0]LogUObjectHash: Compacting FUObjectHashTables data took   1.85ms
[2021.03.15-06.42.29:189][  0]Cmd: MAP CHECKDEP NOCLEARLOG
[2021.03.15-06.42.29:189][  0]MapCheck: Map check complete: 0 Error(s), 0 Warning(s), took 0.08ms to complete.
[2021.03.15-06.42.29:189][  0]LogFileHelpers: Loading map 'mainManu' took 0.358
[2021.03.15-06.42.29:289][  0]LogSlate: Updating window title bar state: overlay mode, drag disabled, window buttons hidden, title bar hidden
[2021.03.15-06.42.29:294][  0]LogSlate: Updating window title bar state: overlay mode, drag disabled, window buttons hidden, title bar hidden
[2021.03.15-06.42.29:299][  0]LogSlate: Updating window title bar state: overlay mode, drag disabled, window buttons hidden, title bar hidden
[2021.03.15-06.42.29:305][  0]LogSlate: Updating window title bar state: overlay mode, drag disabled, window buttons hidden, title bar hidden
[2021.03.15-06.42.29:357][  0]LogCollectionManager: Loaded 0 collections in 0.001034 seconds
[2021.03.15-06.42.29:372][  0]LogFileCache: Scanning file cache for directory 'D:/Thinkercise/Thinkercise/Saved/Collections/' took 0.01s
[2021.03.15-06.42.29:372][  0]LogFileCache: Scanning file cache for directory 'D:/Thinkercise/Thinkercise/Content/Developers/PiLab2/Collections/' took 0.00s
[2021.03.15-06.42.29:372][  0]LogFileCache: Scanning file cache for directory 'D:/Thinkercise/Thinkercise/Content/Collections/' took 0.00s
[2021.03.15-06.42.29:372][  0]LogCollectionManager: Rebuilt the GUID cache for 0 collections in 0.000000 seconds
[2021.03.15-06.42.29:379][  0]LogContentBrowser: Native class hierarchy populated in 0.0067 seconds. Added 2873 classes and 731 folders.
[2021.03.15-06.42.29:384][  0]LogContentBrowser: Native class hierarchy updated for 'WidgetCarousel' in 0.0002 seconds. Added 0 classes and 0 folders.
[2021.03.15-06.42.29:385][  0]LogPakFile: Registered encryption key '00000000000000000000000000000000': 0 pak files mounted, 0 remain pending
[2021.03.15-06.42.29:385][  0]LogPakFile: Registered encryption key '00000000000000000000000000000000': 0 pak files mounted, 0 remain pending
[2021.03.15-06.42.29:385][  0]LogPakFile: Registered encryption key '00000000000000000000000000000000': 0 pak files mounted, 0 remain pending
[2021.03.15-06.42.29:386][  0]LogPakFile: Registered encryption key '00000000000000000000000000000000': 0 pak files mounted, 0 remain pending
[2021.03.15-06.42.29:386][  0]LogPakFile: Registered encryption key '00000000000000000000000000000000': 0 pak files mounted, 0 remain pending
[2021.03.15-06.42.29:386][  0]LogPakFile: Registered encryption key '00000000000000000000000000000000': 0 pak files mounted, 0 remain pending
[2021.03.15-06.42.29:386][  0]LogPakFile: Registered encryption key '00000000000000000000000000000000': 0 pak files mounted, 0 remain pending
[2021.03.15-06.42.29:387][  0]LogPakFile: Registered encryption key '00000000000000000000000000000000': 0 pak files mounted, 0 remain pending
[2021.03.15-06.42.29:387][  0]LogPakFile: Registered encryption key '00000000000000000000000000000000': 0 pak files mounted, 0 remain pending
[2021.03.15-06.42.29:387][  0]LogPakFile: Registered encryption key '00000000000000000000000000000000': 0 pak files mounted, 0 remain pending
[2021.03.15-06.42.29:388][  0]LogPakFile: Registered encryption key '00000000000000000000000000000000': 0 pak files mounted, 0 remain pending
[2021.03.15-06.42.29:388][  0]LogPakFile: Registered encryption key '00000000000000000000000000000000': 0 pak files mounted, 0 remain pending
[2021.03.15-06.42.29:388][  0]LogPakFile: Registered encryption key '00000000000000000000000000000000': 0 pak files mounted, 0 remain pending
[2021.03.15-06.42.29:388][  0]LogPakFile: Registered encryption key '00000000000000000000000000000000': 0 pak files mounted, 0 remain pending
[2021.03.15-06.42.29:389][  0]LogPakFile: Registered encryption key '00000000000000000000000000000000': 0 pak files mounted, 0 remain pending
[2021.03.15-06.42.29:389][  0]LogPakFile: Registered encryption key '00000000000000000000000000000000': 0 pak files mounted, 0 remain pending
[2021.03.15-06.42.29:389][  0]LogPakFile: Registered encryption key '00000000000000000000000000000000': 0 pak files mounted, 0 remain pending
[2021.03.15-06.42.29:390][  0]LogPakFile: Registered encryption key '00000000000000000000000000000000': 0 pak files mounted, 0 remain pending
[2021.03.15-06.42.29:390][  0]LogPakFile: Registered encryption key '00000000000000000000000000000000': 0 pak files mounted, 0 remain pending
[2021.03.15-06.42.29:390][  0]LogPakFile: Registered encryption key '00000000000000000000000000000000': 0 pak files mounted, 0 remain pending
[2021.03.15-06.42.29:391][  0]LogPakFile: Registered encryption key '00000000000000000000000000000000': 0 pak files mounted, 0 remain pending
[2021.03.15-06.42.29:391][  0]LogPakFile: Registered encryption key '00000000000000000000000000000000': 0 pak files mounted, 0 remain pending
[2021.03.15-06.42.29:391][  0]LogPakFile: Registered encryption key '00000000000000000000000000000000': 0 pak files mounted, 0 remain pending
[2021.03.15-06.42.29:392][  0]LogPakFile: Registered encryption key '00000000000000000000000000000000': 0 pak files mounted, 0 remain pending
[2021.03.15-06.42.29:392][  0]LogPakFile: Registered encryption key '00000000000000000000000000000000': 0 pak files mounted, 0 remain pending
[2021.03.15-06.42.29:392][  0]LogPakFile: Registered encryption key '00000000000000000000000000000000': 0 pak files mounted, 0 remain pending
[2021.03.15-06.42.29:393][  0]LogPakFile: Registered encryption key '00000000000000000000000000000000': 0 pak files mounted, 0 remain pending
[2021.03.15-06.42.29:393][  0]LogPakFile: Registered encryption key '00000000000000000000000000000000': 0 pak files mounted, 0 remain pending
[2021.03.15-06.42.29:411][  0]LogContentBrowser: Native class hierarchy updated for 'AddContentDialog' in 0.0002 seconds. Added 0 classes and 0 folders.
[2021.03.15-06.42.29:418][  0]LogSlate: Took 0.000133 seconds to synchronously load lazily loaded font '../../../Engine/Content/Slate/Fonts/Roboto-Regular.ttf' (155K)
[2021.03.15-06.42.29:419][  0]LogSlate: Took 0.000090 seconds to synchronously load lazily loaded font '../../../Engine/Content/Slate/Fonts/Roboto-Bold.ttf' (160K)
[2021.03.15-06.42.29:423][  0]LogSlate: Took 0.000115 seconds to synchronously load lazily loaded font '../../../Engine/Content/Editor/Slate/Fonts/FontAwesome.ttf' (139K)
[2021.03.15-06.42.29:466][  0]LogRenderer: Reallocating scene render targets to support 912x468 Format 10 NumSamples 1 (Frame:1).
[2021.03.15-06.42.29:555][  0]LogContentBrowser: Native class hierarchy updated for 'HierarchicalLODOutliner' in 0.0002 seconds. Added 0 classes and 0 folders.
[2021.03.15-06.42.29:555][  0]LogLoad: (Engine Initialization) Total time: 9.26 seconds
[2021.03.15-06.42.29:555][  0]LogLoad: (Engine Initialization) Total Blueprint compile time: 0.00 seconds
[2021.03.15-06.42.29:609][  0]LogContentStreaming: Texture pool size now 1000 MB
[2021.03.15-06.42.29:633][  0]LogSlate: Took 0.000119 seconds to synchronously load lazily loaded font '../../../Engine/Content/Slate/Fonts/Roboto-Light.ttf' (167K)
[2021.03.15-06.42.29:645][  1]LogSlate: New Slate User Created.  User Index 8, Is Virtual User: 1
[2021.03.15-06.42.29:645][  1]LogSlate: Slate User Registered.  User Index 8, Is Virtual User: 1
[2021.03.15-06.42.29:719][  2]LogAssetRegistry: Asset discovery search completed in 5.8465 seconds
[2021.03.15-06.42.29:721][  2]LogCollectionManager: Rebuilt the object cache for 0 collections in 0.000000 seconds (found 0 objects)
[2021.03.15-06.42.29:721][  2]LogCollectionManager: Fixed up redirectors for 0 collections in 0.000042 seconds (updated 0 objects)
[2021.03.15-06.42.32:832][ 49]LogUObjectHash: Compacting FUObjectHashTables data took   1.17ms
[2021.03.15-06.42.32:962][ 49]LogSlate: Window 'Thinkercise - Unreal Editor' being destroyed
[2021.03.15-06.42.32:963][ 49]LogWindowsTextInputMethodSystem: Display: IME system now deactivated.
[2021.03.15-06.42.33:157][ 50]Cmd: QUIT_EDITOR
[2021.03.15-06.42.33:192][ 50]LogExit: Preparing to exit.
[2021.03.15-06.42.34:258][ 50]LogExit: Editor shut down
[2021.03.15-06.42.34:258][ 50]LogExit: Transaction tracking system shut down
[2021.03.15-06.42.34:636][ 50]LogExit: Object subsystem successfully closed.
[2021.03.15-06.42.34:667][ 50]LogShaderCompilers: Display: Shaders left to compile 0
[2021.03.15-06.42.34:670][ 50]LogD3D11RHI: Shutdown
[2021.03.15-06.42.34:671][ 50]LogD3D11RHI: CleanupD3DDevice
[2021.03.15-06.42.34:671][ 50]LogRendererCore: FGlobalReadBuffer::ReleaseRHI
[2021.03.15-06.42.34:671][ 50]LogRendererCore: FGlobalDynamicReadBuffer::Cleanup()
[2021.03.15-06.42.34:671][ 50]LogRendererCore: FGlobalReadBuffer::ReleaseRHI
[2021.03.15-06.42.34:671][ 50]LogRendererCore: FGlobalDynamicReadBuffer::Cleanup()
[2021.03.15-06.42.34:671][ 50]LogRendererCore: FGlobalReadBuffer::ReleaseRHI
[2021.03.15-06.42.34:671][ 50]LogRendererCore: FGlobalDynamicReadBuffer::Cleanup()
[2021.03.15-06.42.34:732][ 50]LogD3D11RHI: ~FD3D11DynamicRHI
[2021.03.15-06.42.34:791][ 50]LogModuleManager: Shutting down and abandoning module HierarchicalLODOutliner (688)
[2021.03.15-06.42.34:791][ 50]LogModuleManager: Shutting down and abandoning module AddContentDialog (686)
[2021.03.15-06.42.34:792][ 50]LogModuleManager: Shutting down and abandoning module WidgetCarousel (685)
[2021.03.15-06.42.34:792][ 50]LogModuleManager: Shutting down and abandoning module EditorWidgets (682)
[2021.03.15-06.42.34:792][ 50]LogModuleManager: Shutting down and abandoning module CollectionManager (680)
[2021.03.15-06.42.34:792][ 50]LogModuleManager: Shutting down and abandoning module SceneOutliner (678)
[2021.03.15-06.42.34:792][ 50]LogModuleManager: Shutting down and abandoning module StatsViewer (676)
[2021.03.15-06.42.34:793][ 50]LogModuleManager: Shutting down and abandoning module FoliageEdit (674)
[2021.03.15-06.42.34:793][ 50]LogModuleManager: Shutting down and abandoning module LandscapeEditor (672)
[2021.03.15-06.42.34:794][ 50]LogModuleManager: Shutting down and abandoning module MeshPaintMode (670)
[2021.03.15-06.42.34:794][ 50]LogModuleManager: Shutting down and abandoning module SceneDepthPickerMode (668)
[2021.03.15-06.42.34:794][ 50]LogModuleManager: Shutting down and abandoning module ActorPickerMode (666)
[2021.03.15-06.42.34:794][ 50]LogModuleManager: Shutting down and abandoning module GeometryMode (664)
[2021.03.15-06.42.34:794][ 50]LogModuleManager: Shutting down and abandoning module TextureAlignMode (662)
[2021.03.15-06.42.34:794][ 50]LogModuleManager: Shutting down and abandoning module BspMode (660)
[2021.03.15-06.42.34:794][ 50]LogModuleManager: Shutting down and abandoning module PIEPreviewDeviceProfileSelector (658)
[2021.03.15-06.42.34:796][ 50]LogModuleManager: Shutting down and abandoning module SequenceRecorderSections (656)
[2021.03.15-06.42.34:796][ 50]LogModuleManager: Shutting down and abandoning module AutomationWorker (654)
[2021.03.15-06.42.34:796][ 50]LogModuleManager: Shutting down and abandoning module DatasmithFBXImporter (652)
[2021.03.15-06.42.34:797][ 50]LogModuleManager: Shutting down and abandoning module DatasmithDeltaGenImporter (650)
[2021.03.15-06.42.34:797][ 50]LogModuleManager: Shutting down and abandoning module DatasmithVREDImporter (648)
[2021.03.15-06.42.34:797][ 50]LogModuleManager: Shutting down and abandoning module OculusMR (646)
[2021.03.15-06.42.34:797][ 50]LogModuleManager: Shutting down and abandoning module AudioCaptureEditor (644)
[2021.03.15-06.42.34:797][ 50]LogModuleManager: Shutting down and abandoning module MatineeToLevelSequence (642)
[2021.03.15-06.42.34:798][ 50]LogModuleManager: Shutting down and abandoning module LevelSequenceEditor (640)
[2021.03.15-06.42.34:799][ 50]LogModuleManager: Shutting down and abandoning module PlacementMode (639)
[2021.03.15-06.42.34:799][ 50]LogModuleManager: Shutting down and abandoning module MaterialEditor (638)
[2021.03.15-06.42.34:800][ 50]LogModuleManager: Shutting down and abandoning module ActorSequenceEditor (634)
[2021.03.15-06.42.34:801][ 50]LogModuleManager: Shutting down and abandoning module WmfMediaFactory (632)
[2021.03.15-06.42.34:801][ 50]LogModuleManager: Shutting down and abandoning module WmfMediaEditor (630)
[2021.03.15-06.42.34:801][ 50]LogModuleManager: Shutting down and abandoning module WebMMediaFactory (628)
[2021.03.15-06.42.34:801][ 50]LogModuleManager: Shutting down and abandoning module WebMMediaEditor (626)
[2021.03.15-06.42.34:801][ 50]LogModuleManager: Shutting down and abandoning module WebMMedia (624)
[2021.03.15-06.42.34:801][ 50]LogModuleManager: Shutting down and abandoning module MediaPlayerEditor (622)
[2021.03.15-06.42.34:802][ 50]LogModuleManager: Shutting down and abandoning module MediaCompositingEditor (620)
[2021.03.15-06.42.34:803][ 50]LogModuleManager: Shutting down and abandoning module SequenceRecorder (619)
[2021.03.15-06.42.34:803][ 50]LogModuleManager: Shutting down and abandoning module OpenExrWrapper (616)
[2021.03.15-06.42.34:803][ 50]LogModuleManager: Shutting down and abandoning module ImgMediaFactory (614)
[2021.03.15-06.42.34:803][ 50]LogModuleManager: Shutting down and abandoning module ImgMediaEditor (612)
[2021.03.15-06.42.34:803][ 50]LogModuleManager: Shutting down and abandoning module AvfMediaFactory (610)
[2021.03.15-06.42.34:803][ 50]LogModuleManager: Shutting down and abandoning module AvfMediaEditor (608)
[2021.03.15-06.42.34:803][ 50]LogModuleManager: Shutting down and abandoning module AndroidMediaFactory (606)
[2021.03.15-06.42.34:803][ 50]LogModuleManager: Shutting down and abandoning module AndroidMediaEditor (604)
[2021.03.15-06.42.34:803][ 50]LogModuleManager: Shutting down and abandoning module MagicLeapCameraPreviewFactory (602)
[2021.03.15-06.42.34:803][ 50]LogModuleManager: Shutting down and abandoning module MagicLeapMediaCodecFactory (600)
[2021.03.15-06.42.34:803][ 50]LogModuleManager: Shutting down and abandoning module MagicLeapMediaFactory (598)
[2021.03.15-06.42.34:803][ 50]LogModuleManager: Shutting down and abandoning module MagicLeapMediaEditor (596)
[2021.03.15-06.42.34:803][ 50]LogModuleManager: Shutting down and abandoning module CharacterAI (594)
[2021.03.15-06.42.34:803][ 50]LogModuleManager: Shutting down and abandoning module SmartSnapping (592)
[2021.03.15-06.42.34:803][ 50]LogModuleManager: Shutting down and abandoning module SessionServices (590)
[2021.03.15-06.42.34:803][ 50]LogModuleManager: Shutting down and abandoning module MeshPaint (588)
[2021.03.15-06.42.34:803][ 50]LogModuleManager: Shutting down and abandoning module ViewportSnapping (586)
[2021.03.15-06.42.34:803][ 50]LogModuleManager: Shutting down and abandoning module ViewportInteraction (584)
[2021.03.15-06.42.34:803][ 50]LogModuleManager: Shutting down and abandoning module ClothPainter (582)
[2021.03.15-06.42.34:804][ 50]LogModuleManager: Shutting down and abandoning module SkeletalMeshEditor (581)
[2021.03.15-06.42.34:805][ 50]LogModuleManager: Shutting down and abandoning module LogVisualizer (578)
[2021.03.15-06.42.34:807][ 50]LogModuleManager: Shutting down and abandoning module IntroTutorials (576)
[2021.03.15-06.42.34:807][ 50]LogModuleManager: Shutting down and abandoning module GameProjectGeneration (575)
[2021.03.15-06.42.34:809][ 50]LogModuleManager: Shutting down and abandoning module LuminPlatformEditor (572)
[2021.03.15-06.42.34:809][ 50]LogModuleManager: Shutting down and abandoning module IOSPlatformEditor (570)
[2021.03.15-06.42.34:809][ 50]LogModuleManager: Shutting down and abandoning module HTML5PlatformEditor (568)
[2021.03.15-06.42.34:809][ 50]LogModuleManager: Shutting down and abandoning module AndroidPlatformEditor (566)
[2021.03.15-06.42.34:809][ 50]LogModuleManager: Shutting down and abandoning module AndroidDeviceDetection (565)
[2021.03.15-06.42.35:681][ 50]LogModuleManager: Shutting down and abandoning module WindowsPlatformEditor (562)
[2021.03.15-06.42.35:681][ 50]LogModuleManager: Shutting down and abandoning module LuminRuntimeSettings (560)
[2021.03.15-06.42.35:681][ 50]LogModuleManager: Shutting down and abandoning module IOSRuntimeSettings (558)
[2021.03.15-06.42.35:681][ 50]LogModuleManager: Shutting down and abandoning module AndroidRuntimeSettings (556)
[2021.03.15-06.42.35:681][ 50]LogModuleManager: Shutting down and abandoning module TimeManagementEditor (554)
[2021.03.15-06.42.35:681][ 50]LogModuleManager: Shutting down and abandoning module InputBindingEditor (552)
[2021.03.15-06.42.35:681][ 50]LogModuleManager: Shutting down and abandoning module MergeActors (550)
[2021.03.15-06.42.35:683][ 50]LogModuleManager: Shutting down and abandoning module LocalizationDashboard (548)
[2021.03.15-06.42.35:683][ 50]LogModuleManager: Shutting down and abandoning module LocalizationService (547)
[2021.03.15-06.42.35:684][ 50]LogModuleManager: Shutting down and abandoning module HardwareTargeting (544)
[2021.03.15-06.42.35:684][ 50]LogModuleManager: Shutting down and abandoning module DeviceProfileEditor (542)
[2021.03.15-06.42.35:684][ 50]LogModuleManager: Shutting down and abandoning module UndoHistory (540)
[2021.03.15-06.42.35:684][ 50]LogModuleManager: Shutting down and abandoning module XmlParser (538)
[2021.03.15-06.42.35:684][ 50]LogModuleManager: Shutting down and abandoning module Blutility (536)
[2021.03.15-06.42.35:685][ 50]LogModuleManager: Shutting down and abandoning module ProjectSettingsViewer (534)
[2021.03.15-06.42.35:685][ 50]LogModuleManager: Shutting down and abandoning module ProjectTargetPlatformEditor (533)
[2021.03.15-06.42.35:685][ 50]LogModuleManager: Shutting down and abandoning module EditorSettingsViewer (530)
[2021.03.15-06.42.35:685][ 50]LogModuleManager: Shutting down and abandoning module SettingsEditor (528)
[2021.03.15-06.42.35:685][ 50]LogModuleManager: Shutting down and abandoning module ProjectLauncher (526)
[2021.03.15-06.42.35:686][ 50]LogModuleManager: Shutting down and abandoning module SessionFrontend (524)
[2021.03.15-06.42.35:686][ 50]LogModuleManager: Shutting down and abandoning module ProfilerClient (522)
[2021.03.15-06.42.35:687][ 50]LogModuleManager: Shutting down and abandoning module DeviceManager (520)
[2021.03.15-06.42.35:687][ 50]LogModuleManager: Shutting down and abandoning module TargetDeviceServices (519)
[2021.03.15-06.42.35:730][ 50]LogModuleManager: Shutting down and abandoning module AutomationController (516)
[2021.03.15-06.42.35:730][ 50]LogModuleManager: Shutting down and abandoning module AutomationWindow (514)
[2021.03.15-06.42.35:731][ 50]LogModuleManager: Shutting down and abandoning module Layers (512)
[2021.03.15-06.42.35:733][ 50]LogModuleManager: Shutting down and abandoning module ComponentVisualizers (510)
[2021.03.15-06.42.35:733][ 50]LogModuleManager: Shutting down and abandoning module DetailCustomizations (508)
[2021.03.15-06.42.35:734][ 50]LogModuleManager: Shutting down and abandoning module PackagesDialog (506)
[2021.03.15-06.42.35:735][ 50]LogModuleManager: Shutting down and abandoning module AnimationBlueprintEditor (504)
[2021.03.15-06.42.35:736][ 50]LogModuleManager: Shutting down and abandoning module Persona (502)
[2021.03.15-06.42.35:737][ 50]LogModuleManager: Shutting down and abandoning module AnimGraph (501)
[2021.03.15-06.42.35:737][ 50]LogModuleManager: Shutting down and abandoning module Kismet (498)
[2021.03.15-06.42.35:739][ 50]LogModuleManager: Shutting down and abandoning module GraphEditor (496)
[2021.03.15-06.42.35:742][ 50]LogModuleManager: Shutting down and abandoning module ClassViewer (494)
[2021.03.15-06.42.35:742][ 50]LogModuleManager: Shutting down and abandoning module Toolbox (492)
[2021.03.15-06.42.35:742][ 50]LogModuleManager: Shutting down and abandoning module ModuleUI (490)
[2021.03.15-06.42.35:742][ 50]LogModuleManager: Shutting down and abandoning module MovieSceneTools (488)
[2021.03.15-06.42.35:742][ 50]LogModuleManager: Shutting down and abandoning module OutputLog (486)
[2021.03.15-06.42.35:742][ 50]LogModuleManager: Shutting down and abandoning module GammaUI (484)
[2021.03.15-06.42.35:743][ 50]LogModuleManager: Shutting down and abandoning module Documentation (482)
[2021.03.15-06.42.35:743][ 50]LogModuleManager: Shutting down and abandoning module LiveCoding (480)
[2021.03.15-06.42.35:743][ 50]LogModuleManager: Shutting down and abandoning module LevelSequence (478)
[2021.03.15-06.42.35:743][ 50]LogModuleManager: Shutting down and abandoning module MovieSceneTracks (476)
[2021.03.15-06.42.35:743][ 50]LogModuleManager: Shutting down and abandoning module MovieScene (474)
[2021.03.15-06.42.35:743][ 50]LogModuleManager: Shutting down and abandoning module StreamingPauseRendering (472)
[2021.03.15-06.42.35:744][ 50]LogModuleManager: Shutting down and abandoning module LauncherPlatform (470)
[2021.03.15-06.42.35:744][ 50]LogModuleManager: Shutting down and abandoning module AnalyticsET (468)
[2021.03.15-06.42.35:744][ 50]LogModuleManager: Shutting down and abandoning module PortalServices (466)
[2021.03.15-06.42.35:744][ 50]LogModuleManager: Shutting down and abandoning module PortalRpc (464)
[2021.03.15-06.42.35:744][ 50]LogModuleManager: Shutting down and abandoning module MessagingRpc (462)
[2021.03.15-06.42.35:744][ 50]LogModuleManager: Shutting down and abandoning module AIModule (460)
[2021.03.15-06.42.35:744][ 50]LogModuleManager: Shutting down and abandoning module GameplayDebugger (459)
[2021.03.15-06.42.35:745][ 50]LogModuleManager: Shutting down and abandoning module AITestSuite (457)
[2021.03.15-06.42.35:745][ 50]LogModuleManager: Shutting down and abandoning module NavigationSystem (455)
[2021.03.15-06.42.35:745][ 50]LogModuleManager: Shutting down and abandoning module DesktopPlatform (452)
[2021.03.15-06.42.35:745][ 50]LogModuleManager: Shutting down and abandoning module ImageWriteQueue (450)
[2021.03.15-06.42.35:747][ 50]LogModuleManager: Shutting down and abandoning module ProfilerService (448)
[2021.03.15-06.42.35:826][ 50]LogModuleManager: Shutting down and abandoning module TaskGraph (446)
[2021.03.15-06.42.35:827][ 50]LogModuleManager: Shutting down and abandoning module DatasmithCADImporter (444)
[2021.03.15-06.42.35:828][ 50]LogModuleManager: Shutting down and abandoning module VariantManager (442)
[2021.03.15-06.42.35:829][ 50]LogModuleManager: Shutting down and abandoning module StaticMeshEditorExtension (440)
[2021.03.15-06.42.35:829][ 50]LogModuleManager: Shutting down and abandoning module StaticMeshEditor (439)
[2021.03.15-06.42.35:830][ 50]LogModuleManager: Shutting down and abandoning module AdvancedPreviewScene (438)
[2021.03.15-06.42.35:830][ 50]LogModuleManager: Shutting down and abandoning module MeshProcessingLibrary (435)
[2021.03.15-06.42.35:830][ 50]LogModuleManager: Shutting down and abandoning module MDLImporter (432)
[2021.03.15-06.42.35:831][ 50]LogModuleManager: Shutting down and abandoning module DatasmithGLTFImporter (430)
[2021.03.15-06.42.35:831][ 50]LogModuleManager: Shutting down and abandoning module DatasmithImporter (429)
[2021.03.15-06.42.35:834][ 50]LogModuleManager: Shutting down and abandoning module DatasmithDataPrepLibraries (426)
[2021.03.15-06.42.35:834][ 50]LogModuleManager: Shutting down and abandoning module DatasmithDataPrepEditor (424)
[2021.03.15-06.42.35:836][ 50]LogModuleManager: Shutting down and abandoning module SteamVRController (422)
[2021.03.15-06.42.35:836][ 50]LogModuleManager: Shutting down and abandoning module ProceduralMeshComponentEditor (420)
[2021.03.15-06.42.35:836][ 50]LogModuleManager: Shutting down and abandoning module ProceduralMeshComponent (418)
[2021.03.15-06.42.35:837][ 50]LogModuleManager: Shutting down and abandoning module OculusEditor (416)
[2021.03.15-06.42.35:837][ 50]LogModuleManager: Shutting down and abandoning module OculusInput (414)
[2021.03.15-06.42.35:837][ 50]LogModuleManager: Shutting down and abandoning module MobilePatchingUtils (412)
[2021.03.15-06.42.35:837][ 50]LogModuleManager: Shutting down and abandoning module EditableMesh (410)
[2021.03.15-06.42.35:837][ 50]LogModuleManager: Shutting down and abandoning module CustomMeshComponent (408)
[2021.03.15-06.42.35:837][ 50]LogModuleManager: Shutting down and abandoning module CableComponent (406)
[2021.03.15-06.42.35:838][ 50]LogModuleManager: Shutting down and abandoning module AudioCapture (404)
[2021.03.15-06.42.35:838][ 50]LogModuleManager: Shutting down and abandoning module ArchVisCharacter (402)
[2021.03.15-06.42.35:838][ 50]LogModuleManager: Shutting down and abandoning module AndroidPermission (400)
[2021.03.15-06.42.35:838][ 50]LogModuleManager: Shutting down and abandoning module NUTUnrealEngine4 (398)
[2021.03.15-06.42.35:838][ 50]LogModuleManager: Shutting down and abandoning module NetcodeUnitTest (396)
[2021.03.15-06.42.35:839][ 50]LogModuleManager: Shutting down and abandoning module MediaCompositing (394)
[2021.03.15-06.42.35:839][ 50]LogModuleManager: Shutting down and abandoning module LinearTimecode (392)
[2021.03.15-06.42.35:839][ 50]LogModuleManager: Shutting down and abandoning module ImgMedia (390)
[2021.03.15-06.42.35:839][ 50]LogModuleManager: Shutting down and abandoning module MagicLeapHelperVulkan (388)
[2021.03.15-06.42.35:839][ 50]LogModuleManager: Shutting down and abandoning module MagicLeapHelperOpenGL (386)
[2021.03.15-06.42.35:839][ 50]LogModuleManager: Shutting down and abandoning module MagicLeapAudio (384)
[2021.03.15-06.42.35:839][ 50]LogModuleManager: Shutting down and abandoning module HTML5Networking (382)
[2021.03.15-06.42.35:839][ 50]LogModuleManager: Shutting down and abandoning module GeometryCollectionEditor (380)
[2021.03.15-06.42.35:840][ 50]LogModuleManager: Shutting down and abandoning module GeometryCollectionExampleCore (378)
[2021.03.15-06.42.35:840][ 50]LogModuleManager: Shutting down and abandoning module GeometryCacheTracks (376)
[2021.03.15-06.42.35:840][ 50]LogModuleManager: Shutting down and abandoning module GeometryCacheSequencer (374)
[2021.03.15-06.42.35:840][ 50]LogModuleManager: Shutting down and abandoning module ChaosSolverEditor (372)
[2021.03.15-06.42.35:840][ 50]LogModuleManager: Shutting down and abandoning module BlastAuthoring (370)
[2021.03.15-06.42.35:840][ 50]LogModuleManager: Shutting down and abandoning module BackChannel (368)
[2021.03.15-06.42.35:840][ 50]LogModuleManager: Shutting down and abandoning module AppleVision (366)
[2021.03.15-06.42.35:840][ 50]LogModuleManager: Shutting down and abandoning module AppleImageUtilsBlueprintSupport (364)
[2021.03.15-06.42.35:840][ 50]LogModuleManager: Shutting down and abandoning module AppleImageUtils (362)
[2021.03.15-06.42.35:840][ 50]LogModuleManager: Shutting down and abandoning module AlembicImporter (360)
[2021.03.15-06.42.35:840][ 50]LogModuleManager: Shutting down and abandoning module AlembicLibrary (359)
[2021.03.15-06.42.35:840][ 50]LogModuleManager: Shutting down and abandoning module GeometryCache (358)
[2021.03.15-06.42.35:840][ 50]LogModuleManager: Shutting down and abandoning module GeometryCacheEd (357)
[2021.03.15-06.42.35:840][ 50]LogModuleManager: Shutting down and abandoning module VariantManagerContent (352)
[2021.03.15-06.42.35:840][ 50]LogModuleManager: Shutting down and abandoning module DatasmithContentEditor (350)
[2021.03.15-06.42.35:840][ 50]LogModuleManager: Shutting down and abandoning module SpeedTreeImporter (348)
[2021.03.15-06.42.35:840][ 50]LogModuleManager: Shutting down and abandoning module PluginBrowser (346)
[2021.03.15-06.42.35:842][ 50]LogModuleManager: Shutting down and abandoning module MobileLauncherProfileWizard (344)
[2021.03.15-06.42.35:843][ 50]LogModuleManager: Shutting down and abandoning module PolygonModeling (342)
[2021.03.15-06.42.35:843][ 50]LogModuleManager: Shutting down and abandoning module MeshEditor (340)
[2021.03.15-06.42.35:843][ 50]LogModuleManager: Shutting down and abandoning module MaterialAnalyzer (338)
[2021.03.15-06.42.35:843][ 50]LogModuleManager: Shutting down and abandoning module GLTFImporter (336)
[2021.03.15-06.42.35:844][ 50]LogModuleManager: Shutting down and abandoning module EditorScriptingUtilities (334)
[2021.03.15-06.42.35:844][ 50]LogModuleManager: Shutting down and abandoning module CryptoKeysOpenSSL (332)
[2021.03.15-06.42.35:844][ 50]LogModuleManager: Shutting down and abandoning module CryptoKeys (330)
[2021.03.15-06.42.35:844][ 50]LogModuleManager: Shutting down and abandoning module VisualStudioSourceCodeAccess (328)
[2021.03.15-06.42.35:844][ 50]LogModuleManager: Shutting down and abandoning module VisualStudioCodeSourceCodeAccess (326)
[2021.03.15-06.42.35:844][ 50]LogModuleManager: Shutting down and abandoning module UObjectPlugin (324)
[2021.03.15-06.42.35:844][ 50]LogModuleManager: Shutting down and abandoning module SubversionSourceControl (322)
[2021.03.15-06.42.35:845][ 50]LogModuleManager: Shutting down and abandoning module PerforceSourceControl (320)
[2021.03.15-06.42.35:846][ 50]LogModuleManager: Shutting down and abandoning module GitSourceControl (318)
[2021.03.15-06.42.35:847][ 50]LogModuleManager: Shutting down and abandoning module SourceControl (317)
[2021.03.15-06.42.35:847][ 50]LogModuleManager: Shutting down and abandoning module CLionSourceCodeAccess (314)
[2021.03.15-06.42.35:847][ 50]LogModuleManager: Shutting down and abandoning module AnimationSharingEd (312)
[2021.03.15-06.42.35:847][ 50]LogModuleManager: Shutting down and abandoning module ActorLayerUtilitiesEditor (310)
[2021.03.15-06.42.35:847][ 50]LogModuleManager: Shutting down and abandoning module ActorLayerUtilities (308)
[2021.03.15-06.42.35:847][ 50]LogModuleManager: Shutting down and abandoning module LightPropagationVolumeEditor (306)
[2021.03.15-06.42.35:847][ 50]LogModuleManager: Shutting down and abandoning module PaperTiledImporter (304)
[2021.03.15-06.42.35:847][ 50]LogModuleManager: Shutting down and abandoning module PaperSpriteSheetImporter (302)
[2021.03.15-06.42.35:847][ 50]LogModuleManager: Shutting down and abandoning module Paper2DEditor (300)
[2021.03.15-06.42.35:849][ 50]LogModuleManager: Shutting down and abandoning module SignificanceManager (298)
[2021.03.15-06.42.35:849][ 50]LogModuleManager: Shutting down and abandoning module RuntimePhysXCooking (296)
[2021.03.15-06.42.35:849][ 50]LogModuleManager: Shutting down and abandoning module PhysXVehiclesEditor (294)
[2021.03.15-06.42.35:849][ 50]LogModuleManager: Shutting down and abandoning module PhysXVehicles (292)
[2021.03.15-06.42.35:849][ 50]LogModuleManager: Shutting down and abandoning module LocationServicesBPLibrary (290)
[2021.03.15-06.42.35:849][ 50]LogModuleManager: Shutting down and abandoning module ApexDestructionEditor (288)
[2021.03.15-06.42.35:850][ 50]LogModuleManager: Shutting down and abandoning module ApexDestruction (286)
[2021.03.15-06.42.35:850][ 50]LogModuleManager: Shutting down and abandoning module ActorSequence (284)
[2021.03.15-06.42.35:850][ 50]LogModuleManager: Shutting down and abandoning module UdpMessaging (282)
[2021.03.15-06.42.35:951][ 50]LogModuleManager: Shutting down and abandoning module TcpMessaging (280)
[2021.03.15-06.42.36:052][ 50]LogModuleManager: Shutting down and abandoning module MagicLeapIdentity (278)
[2021.03.15-06.42.36:052][ 50]LogModuleManager: Shutting down and abandoning module MagicLeapSecureStorage (276)
[2021.03.15-06.42.36:052][ 50]LogModuleManager: Shutting down and abandoning module MagicLeapHandTracking (274)
[2021.03.15-06.42.36:052][ 50]LogModuleManager: Shutting down and abandoning module MagicLeapEyeTracker (272)
[2021.03.15-06.42.36:052][ 50]LogModuleManager: Shutting down and abandoning module MagicLeapController (270)
[2021.03.15-06.42.36:052][ 50]LogSlate: Slate User Destroyed.  User Index 0, Is Virtual User: 0
[2021.03.15-06.42.36:052][ 50]LogSlate: Slate User Destroyed.  User Index 8, Is Virtual User: 1
[2021.03.15-06.42.36:052][ 50]LogModuleManager: Shutting down and abandoning module MagicLeapAR (268)
[2021.03.15-06.42.36:052][ 50]LogModuleManager: Shutting down and abandoning module AugmentedReality (267)
[2021.03.15-06.42.36:052][ 50]LogModuleManager: Shutting down and abandoning module GameplayTagsEditor (264)
[2021.03.15-06.42.36:053][ 50]LogModuleManager: Shutting down and abandoning module FacialAnimationEditor (262)
[2021.03.15-06.42.36:053][ 50]LogModuleManager: Shutting down and abandoning module FacialAnimation (260)
[2021.03.15-06.42.36:053][ 50]LogModuleManager: Shutting down and abandoning module DataValidation (258)
[2021.03.15-06.42.36:053][ 50]LogModuleManager: Shutting down and abandoning module AssetManagerEditor (256)
[2021.03.15-06.42.36:053][ 50]LogModuleManager: Shutting down and abandoning module LevelEditor (255)
[2021.03.15-06.42.36:054][ 50]LogModuleManager: Shutting down and abandoning module PixelInspectorModule (254)
[2021.03.15-06.42.36:054][ 50]LogModuleManager: Shutting down and abandoning module CommonMenuExtensions (252)
[2021.03.15-06.42.36:054][ 50]LogModuleManager: Shutting down and abandoning module MainFrame (250)
[2021.03.15-06.42.36:054][ 50]LogModuleManager: Shutting down and abandoning module HotReload (249)
[2021.03.15-06.42.36:055][ 50]LogModuleManager: Shutting down and abandoning module ContentBrowser (245)
[2021.03.15-06.42.36:055][ 50]LogModuleManager: Shutting down and abandoning module TreeMap (243)
[2021.03.15-06.42.36:055][ 50]LogModuleManager: Shutting down and abandoning module AnimationSharing (240)
[2021.03.15-06.42.36:055][ 50]LogModuleManager: Shutting down and abandoning module LightPropagationVolumeRuntime (238)
[2021.03.15-06.42.36:055][ 50]LogModuleManager: Shutting down and abandoning module AISupportModule (236)
[2021.03.15-06.42.36:055][ 50]LogModuleManager: Shutting down and abandoning module Paper2D (234)
[2021.03.15-06.42.36:055][ 50]LogModuleManager: Shutting down and abandoning module WindowsMoviePlayer (232)
[2021.03.15-06.42.36:056][ 50]LogModuleManager: Shutting down and abandoning module WebMMoviePlayer (230)
[2021.03.15-06.42.36:056][ 50]LogModuleManager: Shutting down and abandoning module PacketHandler (228)
[2021.03.15-06.42.36:056][ 50]LogModuleManager: Shutting down and abandoning module ClothingSystemEditor (226)
[2021.03.15-06.42.36:056][ 50]LogModuleManager: Shutting down and abandoning module ClothingSystemRuntime (224)
[2021.03.15-06.42.36:057][ 50]LogModuleManager: Shutting down and abandoning module MediaAssets (222)
[2021.03.15-06.42.36:057][ 50]LogModuleManager: Shutting down and abandoning module Overlay (220)
[2021.03.15-06.42.36:057][ 50]LogModuleManager: Shutting down and abandoning module OverlayEditor (219)
[2021.03.15-06.42.36:057][ 50]LogModuleManager: Shutting down and abandoning module VREditor (216)
[2021.03.15-06.42.36:057][ 50]LogModuleManager: Shutting down and abandoning module StringTableEditor (214)
[2021.03.15-06.42.36:058][ 50]LogModuleManager: Shutting down and abandoning module GameplayTasksEditor (212)
[2021.03.15-06.42.36:058][ 50]LogModuleManager: Shutting down and abandoning module BehaviorTreeEditor (210)
[2021.03.15-06.42.36:060][ 50]LogModuleManager: Shutting down and abandoning module FunctionalTesting (208)
[2021.03.15-06.42.36:060][ 50]LogModuleManager: Shutting down and abandoning module CollisionAnalyzer (206)
[2021.03.15-06.42.36:061][ 50]LogModuleManager: Shutting down and abandoning module WorkspaceMenuStructure (205)
[2021.03.15-06.42.36:061][ 50]LogModuleManager: Shutting down and abandoning module UMG (202)
[2021.03.15-06.42.36:061][ 50]LogModuleManager: Shutting down and abandoning module UMGEditor (201)
[2021.03.15-06.42.36:062][ 50]LogModuleManager: Shutting down and abandoning module Sequencer (200)
[2021.03.15-06.42.36:065][ 50]LogModuleManager: Shutting down and abandoning module MessageLog (197)
[2021.03.15-06.42.36:065][ 50]LogModuleManager: Shutting down and abandoning module SlateReflector (192)
[2021.03.15-06.42.36:067][ 50]LogModuleManager: Shutting down and abandoning module Slate (190)
[2021.03.15-06.42.36:067][ 50]LogModuleManager: Shutting down and abandoning module EditorStyle (188)
[2021.03.15-06.42.36:068][ 50]LogModuleManager: Shutting down and abandoning module UnrealEd (186)
[2021.03.15-06.42.36:068][ 50]LogModuleManager: Shutting down and abandoning module MRMesh (184)
[2021.03.15-06.42.36:068][ 50]LogModuleManager: Shutting down and abandoning module SourceCodeAccess (182)
[2021.03.15-06.42.36:068][ 50]LogModuleManager: Shutting down and abandoning module HeadMountedDisplay (180)
[2021.03.15-06.42.36:068][ 50]LogModuleManager: Shutting down and abandoning module XAudio2 (178)
[2021.03.15-06.42.36:068][ 50]LogModuleManager: Shutting down and abandoning module Networking (176)
[2021.03.15-06.42.36:068][ 50]LogModuleManager: Shutting down and abandoning module Core (174)
[2021.03.15-06.42.36:068][ 50]LogModuleManager: Shutting down and abandoning module KismetCompiler (172)
[2021.03.15-06.42.36:068][ 50]LogModuleManager: Shutting down and abandoning module MeshUtilities (170)
[2021.03.15-06.42.36:068][ 50]LogModuleManager: Shutting down and abandoning module MeshMergeUtilities (169)
[2021.03.15-06.42.36:068][ 50]LogModuleManager: Shutting down and abandoning module MeshReductionInterface (168)
[2021.03.15-06.42.36:068][ 50]LogModuleManager: Shutting down and abandoning module SkeletalMeshReduction (167)
[2021.03.15-06.42.36:068][ 50]LogModuleManager: Shutting down and abandoning module ProxyLODMeshReduction (165)
[2021.03.15-06.42.36:069][ 50]LogModuleManager: Shutting down and abandoning module QuadricMeshReduction (163)
[2021.03.15-06.42.36:069][ 50]LogModuleManager: Shutting down and abandoning module MaterialBaking (159)
[2021.03.15-06.42.36:070][ 50]LogModuleManager: Shutting down and abandoning module DerivedDataCache (154)
[2021.03.15-06.42.36:309][ 50]LogDerivedDataCache: Shutdown
[2021.03.15-06.42.36:309][ 50]LogModuleManager: Shutting down and abandoning module XGEController (152)
[2021.03.15-06.42.36:310][ 50]LogModuleManager: Shutting down and abandoning module TargetPlatform (150)
[2021.03.15-06.42.36:310][ 50]LogModuleManager: Shutting down and abandoning module VulkanShaderFormat (149)
[2021.03.15-06.42.36:310][ 50]LogModuleManager: Shutting down and abandoning module ShaderFormatVectorVM (147)
[2021.03.15-06.42.36:311][ 50]LogModuleManager: Shutting down and abandoning module ShaderFormatOpenGL (145)
[2021.03.15-06.42.36:311][ 50]LogModuleManager: Shutting down and abandoning module ShaderFormatD3D (143)
[2021.03.15-06.42.36:312][ 50]LogModuleManager: Shutting down and abandoning module MetalShaderFormat (141)
[2021.03.15-06.42.36:312][ 50]LogModuleManager: Shutting down and abandoning module TextureFormatUncompressed (139)
[2021.03.15-06.42.36:312][ 50]LogModuleManager: Shutting down and abandoning module TextureFormatPVR (137)
[2021.03.15-06.42.36:312][ 50]LogModuleManager: Shutting down and abandoning module TextureFormatDXT (135)
[2021.03.15-06.42.36:312][ 50]LogModuleManager: Shutting down and abandoning module TextureFormatIntelISPCTexComp (133)
[2021.03.15-06.42.36:313][ 50]LogModuleManager: Shutting down and abandoning module TextureFormatASTC (131)
[2021.03.15-06.42.36:313][ 50]LogModuleManager: Shutting down and abandoning module ImageWrapper (130)
[2021.03.15-06.42.36:313][ 50]LogModuleManager: Shutting down and abandoning module TextureFormatAndroid (127)
[2021.03.15-06.42.36:313][ 50]LogModuleManager: Shutting down and abandoning module AudioFormatOpus (125)
[2021.03.15-06.42.36:314][ 50]LogModuleManager: Shutting down and abandoning module AudioFormatOgg (123)
[2021.03.15-06.42.36:314][ 50]LogModuleManager: Shutting down and abandoning module AudioFormatADPCM (121)
[2021.03.15-06.42.36:315][ 50]LogModuleManager: Shutting down and abandoning module LuminTargetPlatform (119)
[2021.03.15-06.42.36:316][ 50]LogModuleManager: Shutting down and abandoning module LinuxTargetPlatform (117)
[2021.03.15-06.42.36:316][ 50]LogModuleManager: Shutting down and abandoning module LinuxServerTargetPlatform (115)
[2021.03.15-06.42.36:316][ 50]LogModuleManager: Shutting down and abandoning module LinuxNoEditorTargetPlatform (113)
[2021.03.15-06.42.36:316][ 50]LogModuleManager: Shutting down and abandoning module LinuxClientTargetPlatform (111)
[2021.03.15-06.42.36:317][ 50]LogModuleManager: Shutting down and abandoning module TVOSTargetPlatform (109)
[2021.03.15-06.42.36:317][ 50]LogModuleManager: Shutting down and abandoning module Messaging (107)
[2021.03.15-06.42.36:317][ 50]LogModuleManager: Shutting down and abandoning module IOSTargetPlatform (105)
[2021.03.15-06.42.36:318][ 50]LogModuleManager: Shutting down and abandoning module HTML5TargetPlatform (103)
[2021.03.15-06.42.36:318][ 50]LogModuleManager: Shutting down and abandoning module AndroidTargetPlatform (101)
[2021.03.15-06.42.36:322][ 50]LogModuleManager: Shutting down and abandoning module WindowsTargetPlatform (99)
[2021.03.15-06.42.36:322][ 50]LogModuleManager: Shutting down and abandoning module WindowsServerTargetPlatform (97)
[2021.03.15-06.42.36:322][ 50]LogModuleManager: Shutting down and abandoning module WindowsNoEditorTargetPlatform (95)
[2021.03.15-06.42.36:322][ 50]LogModuleManager: Shutting down and abandoning module WindowsClientTargetPlatform (93)
[2021.03.15-06.42.36:322][ 50]LogModuleManager: Shutting down and abandoning module MacTargetPlatform (91)
[2021.03.15-06.42.36:322][ 50]LogModuleManager: Shutting down and abandoning module MacServerTargetPlatform (89)
[2021.03.15-06.42.36:322][ 50]LogModuleManager: Shutting down and abandoning module MacNoEditorTargetPlatform (87)
[2021.03.15-06.42.36:322][ 50]LogModuleManager: Shutting down and abandoning module MacClientTargetPlatform (85)
[2021.03.15-06.42.36:322][ 50]LogModuleManager: Shutting down and abandoning module AllDesktopTargetPlatform (83)
[2021.03.15-06.42.36:322][ 50]LogModuleManager: Shutting down and abandoning module InputCore (80)
[2021.03.15-06.42.36:322][ 50]LogModuleManager: Shutting down and abandoning module Settings (78)
[2021.03.15-06.42.36:322][ 50]LogModuleManager: Shutting down and abandoning module DirectoryWatcher (76)
[2021.03.15-06.42.36:322][ 50]LogModuleManager: Shutting down and abandoning module PhysXCooking (74)
[2021.03.15-06.42.36:322][ 50]LogModuleManager: Shutting down and abandoning module SteamVR (72)
[2021.03.15-06.42.36:322][ 50]LogHMD: Freeing OpenVRDLLHandle.
[2021.03.15-06.42.36:322][ 50]LogModuleManager: Shutting down and abandoning module OculusHMD (70)
[2021.03.15-06.42.36:323][ 50]LogModuleManager: Shutting down and abandoning module ExampleDeviceProfileSelector (68)
[2021.03.15-06.42.36:323][ 50]LogModuleManager: Shutting down and abandoning module LauncherChunkInstaller (66)
[2021.03.15-06.42.36:323][ 50]LogModuleManager: Shutting down and abandoning module OnlineBlueprintSupport (64)
[2021.03.15-06.42.36:323][ 50]LogModuleManager: Shutting down and abandoning module OnlineSubsystem (60)
[2021.03.15-06.42.36:325][ 50]LogModuleManager: Shutting down and abandoning module XMPP (55)
[2021.03.15-06.42.36:325][ 50]LogModuleManager: Shutting down and abandoning module WebSockets (54)
[2021.03.15-06.42.36:354][ 50]LogModuleManager: Shutting down and abandoning module HTTP (51)
[2021.03.15-06.42.36:355][ 50]LogHttp: Display: Http module shutting down, but needs to wait on 1 outstanding Http requests:
[2021.03.15-06.42.36:355][ 50]LogHttp: Display: 	verb=[POST] url=[https://datarouter.ol.epicgames.com/datarouter/api/v1/public/data?SessionID=%7B9FD48568-4044-1C9B-A18B-9E8BA3B3C6DF%7D&AppID=UEEditor.Rocket.Release&AppVersion=4.22.3-7053642%2B%2B%2BUE4%2BRelease-4.22&UserID=d2153ec64b1d92018fd14985c762fdce%7Cb665cb7b79874c8a902b256647f4c21f%7C233e9615-c11b-4ac7-bc65-b579cb816447&AppEnvironment=datacollector-binary&UploadType=eteventstream] status=Processing
[2021.03.15-06.42.36:389][ 50]LogModuleManager: Shutting down and abandoning module SSL (50)
[2021.03.15-06.42.36:390][ 50]LogModuleManager: Shutting down and abandoning module WmfMedia (46)
[2021.03.15-06.42.36:391][ 50]LogModuleManager: Shutting down and abandoning module Media (45)
[2021.03.15-06.42.36:397][ 50]LogModuleManager: Shutting down and abandoning module MagicLeap (42)
[2021.03.15-06.42.36:397][ 50]LogModuleManager: Shutting down and abandoning module DatasmithContent (40)
[2021.03.15-06.42.36:398][ 50]LogModuleManager: Shutting down and abandoning module AnimationModifiers (38)
[2021.03.15-06.42.36:398][ 50]LogModuleManager: Shutting down and abandoning module PropertyEditor (37)
[2021.03.15-06.42.36:399][ 50]LogModuleManager: Shutting down and abandoning module AudioEditor (34)
[2021.03.15-06.42.36:400][ 50]LogModuleManager: Shutting down and abandoning module TextureCompressor (32)
[2021.03.15-06.42.36:401][ 50]LogModuleManager: Shutting down and abandoning module RenderCore (30)
[2021.03.15-06.42.36:401][ 50]LogModuleManager: Shutting down and abandoning module Landscape (28)
[2021.03.15-06.42.36:401][ 50]LogModuleManager: Shutting down and abandoning module SlateRHIRenderer (26)
[2021.03.15-06.42.36:402][ 50]LogModuleManager: Shutting down and abandoning module OpenGLDrv (24)
[2021.03.15-06.42.36:402][ 50]LogModuleManager: Shutting down and abandoning module D3D11RHI (22)
[2021.03.15-06.42.36:402][ 50]LogModuleManager: Shutting down and abandoning module AnimGraphRuntime (20)
[2021.03.15-06.42.36:402][ 50]LogModuleManager: Shutting down and abandoning module Renderer (18)
[2021.03.15-06.42.36:402][ 50]LogModuleManager: Shutting down and abandoning module Engine (16)
[2021.03.15-06.42.36:402][ 50]LogModuleManager: Shutting down and abandoning module CoreUObject (14)
[2021.03.15-06.42.36:402][ 50]LogModuleManager: Shutting down and abandoning module NetworkFile (12)
[2021.03.15-06.42.36:403][ 50]LogModuleManager: Shutting down and abandoning module CookedIterativeFile (10)
[2021.03.15-06.42.36:403][ 50]LogModuleManager: Shutting down and abandoning module StreamingFile (8)
[2021.03.15-06.42.36:403][ 50]LogModuleManager: Shutting down and abandoning module SandboxFile (6)
[2021.03.15-06.42.36:403][ 50]LogModuleManager: Shutting down and abandoning module PakFile (4)
[2021.03.15-06.42.36:403][ 50]LogModuleManager: Shutting down and abandoning module RSA (3)
[2021.03.15-06.42.36:412][ 50]LogExit: Exiting.
[2021.03.15-06.42.36:445][ 50]Log file closed, 03/15/21 13:42:36
